CRITICAL - 2021-03-23 00:42:54 --> Undefined variable: dir
#0 C:\xampp\htdocs\CodeIgniter\app\Views\dashboard.php(37): CodeIgniter\Debug\Exceptions->errorHandler(8, 'Undefined varia...', 'C:\\xampp\\htdocs...', 37, Array)
#1 C:\xampp\htdocs\CodeIgniter\vendor\codeigniter4\framework\system\View\View.php(220): include('C:\\xampp\\htdocs...')
#2 C:\xampp\htdocs\CodeIgniter\vendor\codeigniter4\framework\system\View\View.php(222): CodeIgniter\View\View->CodeIgniter\View\{closure}()
#3 C:\xampp\htdocs\CodeIgniter\vendor\codeigniter4\framework\system\Common.php(1217): CodeIgniter\View\View->render('dashboard', Array, true)
#4 C:\xampp\htdocs\CodeIgniter\app\Controllers\Dashboard.php(31): view('dashboard', Array)
#5 C:\xampp\htdocs\CodeIgniter\vendor\codeigniter4\framework\system\CodeIgniter.php(936): App\Controllers\Dashboard->index()
#6 C:\xampp\htdocs\CodeIgniter\vendor\codeigniter4\framework\system\CodeIgniter.php(432): CodeIgniter\CodeIgniter->runController(Object(App\Controllers\Dashboard))
#7 C:\xampp\htdocs\CodeIgniter\vendor\codeigniter4\framework\system\CodeIgniter.php(333): CodeIgniter\CodeIgniter->handleRequest(NULL, Object(Config\Cache), false)
#8 C:\xampp\htdocs\CodeIgniter\public\index.php(44): CodeIgniter\CodeIgniter->run()
#9 {main}
CRITICAL - 2021-03-23 00:54:40 --> Call to undefined function App\Controllers\directory_map()
#0 C:\xampp\htdocs\CodeIgniter\vendor\codeigniter4\framework\system\CodeIgniter.php(936): App\Controllers\Dashboard->index()
#1 C:\xampp\htdocs\CodeIgniter\vendor\codeigniter4\framework\system\CodeIgniter.php(432): CodeIgniter\CodeIgniter->runController(Object(App\Controllers\Dashboard))
#2 C:\xampp\htdocs\CodeIgniter\vendor\codeigniter4\framework\system\CodeIgniter.php(333): CodeIgniter\CodeIgniter->handleRequest(NULL, Object(Config\Cache), false)
#3 C:\xampp\htdocs\CodeIgniter\public\index.php(44): CodeIgniter\CodeIgniter->run()
#4 {main}
CRITICAL - 2021-03-23 00:55:00 --> Array to string conversion
#0 C:\xampp\htdocs\CodeIgniter\app\Views\dashboard.php(37): CodeIgniter\Debug\Exceptions->errorHandler(8, 'Array to string...', 'C:\\xampp\\htdocs...', 37, Array)
#1 C:\xampp\htdocs\CodeIgniter\vendor\codeigniter4\framework\system\View\View.php(220): include('C:\\xampp\\htdocs...')
#2 C:\xampp\htdocs\CodeIgniter\vendor\codeigniter4\framework\system\View\View.php(222): CodeIgniter\View\View->CodeIgniter\View\{closure}()
#3 C:\xampp\htdocs\CodeIgniter\vendor\codeigniter4\framework\system\Common.php(1217): CodeIgniter\View\View->render('dashboard', Array, true)
#4 C:\xampp\htdocs\CodeIgniter\app\Controllers\Dashboard.php(34): view('dashboard', Array)
#5 C:\xampp\htdocs\CodeIgniter\vendor\codeigniter4\framework\system\CodeIgniter.php(936): App\Controllers\Dashboard->index()
#6 C:\xampp\htdocs\CodeIgniter\vendor\codeigniter4\framework\system\CodeIgniter.php(432): CodeIgniter\CodeIgniter->runController(Object(App\Controllers\Dashboard))
#7 C:\xampp\htdocs\CodeIgniter\vendor\codeigniter4\framework\system\CodeIgniter.php(333): CodeIgniter\CodeIgniter->handleRequest(NULL, Object(Config\Cache), false)
#8 C:\xampp\htdocs\CodeIgniter\public\index.php(44): CodeIgniter\CodeIgniter->run()
#9 {main}
CRITICAL - 2021-03-23 00:55:26 --> Undefined offset: 0
#0 C:\xampp\htdocs\CodeIgniter\app\Views\dashboard.php(37): CodeIgniter\Debug\Exceptions->errorHandler(8, 'Undefined offse...', 'C:\\xampp\\htdocs...', 37, Array)
#1 C:\xampp\htdocs\CodeIgniter\vendor\codeigniter4\framework\system\View\View.php(220): include('C:\\xampp\\htdocs...')
#2 C:\xampp\htdocs\CodeIgniter\vendor\codeigniter4\framework\system\View\View.php(222): CodeIgniter\View\View->CodeIgniter\View\{closure}()
#3 C:\xampp\htdocs\CodeIgniter\vendor\codeigniter4\framework\system\Common.php(1217): CodeIgniter\View\View->render('dashboard', Array, true)
#4 C:\xampp\htdocs\CodeIgniter\app\Controllers\Dashboard.php(34): view('dashboard', Array)
#5 C:\xampp\htdocs\CodeIgniter\vendor\codeigniter4\framework\system\CodeIgniter.php(936): App\Controllers\Dashboard->index()
#6 C:\xampp\htdocs\CodeIgniter\vendor\codeigniter4\framework\system\CodeIgniter.php(432): CodeIgniter\CodeIgniter->runController(Object(App\Controllers\Dashboard))
#7 C:\xampp\htdocs\CodeIgniter\vendor\codeigniter4\framework\system\CodeIgniter.php(333): CodeIgniter\CodeIgniter->handleRequest(NULL, Object(Config\Cache), false)
#8 C:\xampp\htdocs\CodeIgniter\public\index.php(44): CodeIgniter\CodeIgniter->run()
#9 {main}
CRITICAL - 2021-03-23 00:55:28 --> Undefined offset: 0
#0 C:\xampp\htdocs\CodeIgniter\app\Views\dashboard.php(37): CodeIgniter\Debug\Exceptions->errorHandler(8, 'Undefined offse...', 'C:\\xampp\\htdocs...', 37, Array)
#1 C:\xampp\htdocs\CodeIgniter\vendor\codeigniter4\framework\system\View\View.php(220): include('C:\\xampp\\htdocs...')
#2 C:\xampp\htdocs\CodeIgniter\vendor\codeigniter4\framework\system\View\View.php(222): CodeIgniter\View\View->CodeIgniter\View\{closure}()
#3 C:\xampp\htdocs\CodeIgniter\vendor\codeigniter4\framework\system\Common.php(1217): CodeIgniter\View\View->render('dashboard', Array, true)
#4 C:\xampp\htdocs\CodeIgniter\app\Controllers\Dashboard.php(34): view('dashboard', Array)
#5 C:\xampp\htdocs\CodeIgniter\vendor\codeigniter4\framework\system\CodeIgniter.php(936): App\Controllers\Dashboard->index()
#6 C:\xampp\htdocs\CodeIgniter\vendor\codeigniter4\framework\system\CodeIgniter.php(432): CodeIgniter\CodeIgniter->runController(Object(App\Controllers\Dashboard))
#7 C:\xampp\htdocs\CodeIgniter\vendor\codeigniter4\framework\system\CodeIgniter.php(333): CodeIgniter\CodeIgniter->handleRequest(NULL, Object(Config\Cache), false)
#8 C:\xampp\htdocs\CodeIgniter\public\index.php(44): CodeIgniter\CodeIgniter->run()
#9 {main}
CRITICAL - 2021-03-23 00:55:42 --> Undefined offset: 0
#0 C:\xampp\htdocs\CodeIgniter\app\Controllers\Dashboard.php(32): CodeIgniter\Debug\Exceptions->errorHandler(8, 'Undefined offse...', 'C:\\xampp\\htdocs...', 32, Array)
#1 C:\xampp\htdocs\CodeIgniter\vendor\codeigniter4\framework\system\CodeIgniter.php(936): App\Controllers\Dashboard->index()
#2 C:\xampp\htdocs\CodeIgniter\vendor\codeigniter4\framework\system\CodeIgniter.php(432): CodeIgniter\CodeIgniter->runController(Object(App\Controllers\Dashboard))
#3 C:\xampp\htdocs\CodeIgniter\vendor\codeigniter4\framework\system\CodeIgniter.php(333): CodeIgniter\CodeIgniter->handleRequest(NULL, Object(Config\Cache), false)
#4 C:\xampp\htdocs\CodeIgniter\public\index.php(44): CodeIgniter\CodeIgniter->run()
#5 {main}
CRITICAL - 2021-03-23 00:57:50 --> Undefined offset: 0
#0 C:\xampp\htdocs\CodeIgniter\app\Controllers\Dashboard.php(32): CodeIgniter\Debug\Exceptions->errorHandler(8, 'Undefined offse...', 'C:\\xampp\\htdocs...', 32, Array)
#1 C:\xampp\htdocs\CodeIgniter\vendor\codeigniter4\framework\system\CodeIgniter.php(936): App\Controllers\Dashboard->index()
#2 C:\xampp\htdocs\CodeIgniter\vendor\codeigniter4\framework\system\CodeIgniter.php(432): CodeIgniter\CodeIgniter->runController(Object(App\Controllers\Dashboard))
#3 C:\xampp\htdocs\CodeIgniter\vendor\codeigniter4\framework\system\CodeIgniter.php(333): CodeIgniter\CodeIgniter->handleRequest(NULL, Object(Config\Cache), false)
#4 C:\xampp\htdocs\CodeIgniter\public\index.php(44): CodeIgniter\CodeIgniter->run()
#5 {main}
CRITICAL - 2021-03-23 00:59:16 --> Array to string conversion
#0 C:\xampp\htdocs\CodeIgniter\app\Views\dashboard.php(37): CodeIgniter\Debug\Exceptions->errorHandler(8, 'Array to string...', 'C:\\xampp\\htdocs...', 37, Array)
#1 C:\xampp\htdocs\CodeIgniter\vendor\codeigniter4\framework\system\View\View.php(220): include('C:\\xampp\\htdocs...')
#2 C:\xampp\htdocs\CodeIgniter\vendor\codeigniter4\framework\system\View\View.php(222): CodeIgniter\View\View->CodeIgniter\View\{closure}()
#3 C:\xampp\htdocs\CodeIgniter\vendor\codeigniter4\framework\system\Common.php(1217): CodeIgniter\View\View->render('dashboard', Array, true)
#4 C:\xampp\htdocs\CodeIgniter\app\Controllers\Dashboard.php(34): view('dashboard', Array)
#5 C:\xampp\htdocs\CodeIgniter\vendor\codeigniter4\framework\system\CodeIgniter.php(936): App\Controllers\Dashboard->index()
#6 C:\xampp\htdocs\CodeIgniter\vendor\codeigniter4\framework\system\CodeIgniter.php(432): CodeIgniter\CodeIgniter->runController(Object(App\Controllers\Dashboard))
#7 C:\xampp\htdocs\CodeIgniter\vendor\codeigniter4\framework\system\CodeIgniter.php(333): CodeIgniter\CodeIgniter->handleRequest(NULL, Object(Config\Cache), false)
#8 C:\xampp\htdocs\CodeIgniter\public\index.php(44): CodeIgniter\CodeIgniter->run()
#9 {main}
CRITICAL - 2021-03-23 00:59:33 --> Call to undefined function App\Controllers\echo_empty()
#0 C:\xampp\htdocs\CodeIgniter\vendor\codeigniter4\framework\system\CodeIgniter.php(936): App\Controllers\Dashboard->index()
#1 C:\xampp\htdocs\CodeIgniter\vendor\codeigniter4\framework\system\CodeIgniter.php(432): CodeIgniter\CodeIgniter->runController(Object(App\Controllers\Dashboard))
#2 C:\xampp\htdocs\CodeIgniter\vendor\codeigniter4\framework\system\CodeIgniter.php(333): CodeIgniter\CodeIgniter->handleRequest(NULL, Object(Config\Cache), false)
#3 C:\xampp\htdocs\CodeIgniter\public\index.php(44): CodeIgniter\CodeIgniter->run()
#4 {main}
CRITICAL - 2021-03-23 01:29:23 --> The original file is not a valid file.
#0 C:\xampp\htdocs\CodeIgniter\vendor\codeigniter4\framework\system\HTTP\Files\UploadedFile.php(143): CodeIgniter\HTTP\Exceptions\HTTPException::forInvalidFile()
#1 C:\xampp\htdocs\CodeIgniter\app\Controllers\EditProfile.php(55): CodeIgniter\HTTP\Files\UploadedFile->move('C:\\xampp\\htdocs...', '1616480963_4c24...')
#2 C:\xampp\htdocs\CodeIgniter\vendor\codeigniter4\framework\system\CodeIgniter.php(936): App\Controllers\EditProfile->update()
#3 C:\xampp\htdocs\CodeIgniter\vendor\codeigniter4\framework\system\CodeIgniter.php(432): CodeIgniter\CodeIgniter->runController(Object(App\Controllers\EditProfile))
#4 C:\xampp\htdocs\CodeIgniter\vendor\codeigniter4\framework\system\CodeIgniter.php(333): CodeIgniter\CodeIgniter->handleRequest(NULL, Object(Config\Cache), false)
#5 C:\xampp\htdocs\CodeIgniter\public\index.php(44): CodeIgniter\CodeIgniter->run()
#6 {main}
CRITICAL - 2021-03-23 01:40:28 --> Use of undefined constant file_name - assumed 'file_name' (this will throw an Error in a future version of PHP)
#0 C:\xampp\htdocs\CodeIgniter\app\Controllers\EditProfile.php(58): CodeIgniter\Debug\Exceptions->errorHandler(2, 'Use of undefine...', 'C:\\xampp\\htdocs...', 58, Array)
#1 C:\xampp\htdocs\CodeIgniter\vendor\codeigniter4\framework\system\CodeIgniter.php(936): App\Controllers\EditProfile->update()
#2 C:\xampp\htdocs\CodeIgniter\vendor\codeigniter4\framework\system\CodeIgniter.php(432): CodeIgniter\CodeIgniter->runController(Object(App\Controllers\EditProfile))
#3 C:\xampp\htdocs\CodeIgniter\vendor\codeigniter4\framework\system\CodeIgniter.php(333): CodeIgniter\CodeIgniter->handleRequest(NULL, Object(Config\Cache), false)
#4 C:\xampp\htdocs\CodeIgniter\public\index.php(44): CodeIgniter\CodeIgniter->run()
#5 {main}
CRITICAL - 2021-03-23 02:18:54 --> ini_set(): Headers already sent. You cannot change the session module's ini settings at this time
#0 [internal function]: CodeIgniter\Debug\Exceptions->errorHandler(2, 'ini_set(): Head...', 'C:\\xampp\\htdocs...', 80, Array)
#1 C:\xampp\htdocs\CodeIgniter\vendor\codeigniter4\framework\system\Session\Handlers\FileHandler.php(80): ini_set('session.save_pa...', 'C:\\xampp\\htdocs...')
#2 C:\xampp\htdocs\CodeIgniter\vendor\codeigniter4\framework\system\Config\Services.php(706): CodeIgniter\Session\Handlers\FileHandler->__construct(Object(Config\App), '::1')
#3 C:\xampp\htdocs\CodeIgniter\vendor\codeigniter4\framework\system\Config\BaseService.php(100): CodeIgniter\Config\Services::session(Object(Config\App), false)
#4 C:\xampp\htdocs\CodeIgniter\vendor\codeigniter4\framework\system\Config\Services.php(699): CodeIgniter\Config\BaseService::getSharedInstance('session', NULL)
#5 C:\xampp\htdocs\CodeIgniter\vendor\codeigniter4\framework\system\Config\BaseService.php(171): CodeIgniter\Config\Services::session()
#6 C:\xampp\htdocs\CodeIgniter\vendor\codeigniter4\framework\system\Common.php(999): CodeIgniter\Config\BaseService::__callStatic('session', Array)
#7 C:\xampp\htdocs\CodeIgniter\app\Controllers\EditProfile.php(28): session()
#8 C:\xampp\htdocs\CodeIgniter\vendor\codeigniter4\framework\system\CodeIgniter.php(936): App\Controllers\EditProfile->update()
#9 C:\xampp\htdocs\CodeIgniter\vendor\codeigniter4\framework\system\CodeIgniter.php(432): CodeIgniter\CodeIgniter->runController(Object(App\Controllers\EditProfile))
#10 C:\xampp\htdocs\CodeIgniter\vendor\codeigniter4\framework\system\CodeIgniter.php(333): CodeIgniter\CodeIgniter->handleRequest(NULL, Object(Config\Cache), false)
#11 C:\xampp\htdocs\CodeIgniter\public\index.php(44): CodeIgniter\CodeIgniter->run()
#12 {main}
CRITICAL - 2021-03-23 02:18:54 --> Uncaught ErrorException: Cannot modify header information - headers already sent by (output started at C:\xampp\htdocs\CodeIgniter\app\Config\Events.php:35) in C:\xampp\htdocs\CodeIgniter\vendor\codeigniter4\framework\system\Debug\Exceptions.php:137
Stack trace:
#0 [internal function]: CodeIgniter\Debug\Exceptions->errorHandler(2, 'Cannot modify h...', 'C:\\xampp\\htdocs...', 137, Array)
#1 C:\xampp\htdocs\CodeIgniter\vendor\codeigniter4\framework\system\Debug\Exceptions.php(137): header('HTTP/1.1 500 In...', true, 500)
#2 [internal function]: CodeIgniter\Debug\Exceptions->exceptionHandler(Object(ErrorException))
#3 {main}
  thrown
#0 [internal function]: CodeIgniter\Debug\Exceptions->shutdownHandler()
#1 {main}
CRITICAL - 2021-03-23 02:24:14 --> The original file is not a valid file.
#0 C:\xampp\htdocs\CodeIgniter\vendor\codeigniter4\framework\system\HTTP\Files\UploadedFile.php(143): CodeIgniter\HTTP\Exceptions\HTTPException::forInvalidFile()
#1 C:\xampp\htdocs\CodeIgniter\app\Controllers\EditProfile.php(66): CodeIgniter\HTTP\Files\UploadedFile->move('C:\\xampp\\htdocs...', '1616481752_bd61...')
#2 C:\xampp\htdocs\CodeIgniter\vendor\codeigniter4\framework\system\CodeIgniter.php(936): App\Controllers\EditProfile->update()
#3 C:\xampp\htdocs\CodeIgniter\vendor\codeigniter4\framework\system\CodeIgniter.php(432): CodeIgniter\CodeIgniter->runController(Object(App\Controllers\EditProfile))
#4 C:\xampp\htdocs\CodeIgniter\vendor\codeigniter4\framework\system\CodeIgniter.php(333): CodeIgniter\CodeIgniter->handleRequest(NULL, Object(Config\Cache), false)
#5 C:\xampp\htdocs\CodeIgniter\public\index.php(44): CodeIgniter\CodeIgniter->run()
#6 {main}
CRITICAL - 2021-03-23 02:27:09 --> Argument 2 passed to CodeIgniter\Validation\FileRules::is_image() must be of the type string, null given, called in C:\xampp\htdocs\CodeIgniter\vendor\codeigniter4\framework\system\Validation\Validation.php on line 306
#0 C:\xampp\htdocs\CodeIgniter\vendor\codeigniter4\framework\system\Validation\Validation.php(306): CodeIgniter\Validation\FileRules->is_image(NULL, NULL)
#1 C:\xampp\htdocs\CodeIgniter\vendor\codeigniter4\framework\system\Validation\Validation.php(164): CodeIgniter\Validation\Validation->processRules('userfile', 'userfile', NULL, Array, Array)
#2 C:\xampp\htdocs\CodeIgniter\vendor\codeigniter4\framework\system\Controller.php(181): CodeIgniter\Validation\Validation->run()
#3 C:\xampp\htdocs\CodeIgniter\app\Controllers\EditProfile.php(51): CodeIgniter\Controller->validate(Array)
#4 C:\xampp\htdocs\CodeIgniter\vendor\codeigniter4\framework\system\CodeIgniter.php(936): App\Controllers\EditProfile->update()
#5 C:\xampp\htdocs\CodeIgniter\vendor\codeigniter4\framework\system\CodeIgniter.php(432): CodeIgniter\CodeIgniter->runController(Object(App\Controllers\EditProfile))
#6 C:\xampp\htdocs\CodeIgniter\vendor\codeigniter4\framework\system\CodeIgniter.php(333): CodeIgniter\CodeIgniter->handleRequest(NULL, Object(Config\Cache), false)
#7 C:\xampp\htdocs\CodeIgniter\public\index.php(44): CodeIgniter\CodeIgniter->run()
#8 {main}
CRITICAL - 2021-03-23 02:36:44 --> The original file is not a valid file.
#0 C:\xampp\htdocs\CodeIgniter\vendor\codeigniter4\framework\system\HTTP\Files\UploadedFile.php(143): CodeIgniter\HTTP\Exceptions\HTTPException::forInvalidFile()
#1 C:\xampp\htdocs\CodeIgniter\app\Controllers\EditProfile.php(66): CodeIgniter\HTTP\Files\UploadedFile->move('C:\\xampp\\htdocs...', '1616481752_bd61...')
#2 C:\xampp\htdocs\CodeIgniter\vendor\codeigniter4\framework\system\CodeIgniter.php(936): App\Controllers\EditProfile->update()
#3 C:\xampp\htdocs\CodeIgniter\vendor\codeigniter4\framework\system\CodeIgniter.php(432): CodeIgniter\CodeIgniter->runController(Object(App\Controllers\EditProfile))
#4 C:\xampp\htdocs\CodeIgniter\vendor\codeigniter4\framework\system\CodeIgniter.php(333): CodeIgniter\CodeIgniter->handleRequest(NULL, Object(Config\Cache), false)
#5 C:\xampp\htdocs\CodeIgniter\public\index.php(44): CodeIgniter\CodeIgniter->run()
#6 {main}
CRITICAL - 2021-03-23 02:38:30 --> The original file is not a valid file.
#0 C:\xampp\htdocs\CodeIgniter\vendor\codeigniter4\framework\system\HTTP\Files\UploadedFile.php(143): CodeIgniter\HTTP\Exceptions\HTTPException::forInvalidFile()
#1 C:\xampp\htdocs\CodeIgniter\app\Controllers\EditProfile.php(66): CodeIgniter\HTTP\Files\UploadedFile->move('C:\\xampp\\htdocs...', '1616481752_bd61...')
#2 C:\xampp\htdocs\CodeIgniter\vendor\codeigniter4\framework\system\CodeIgniter.php(936): App\Controllers\EditProfile->update()
#3 C:\xampp\htdocs\CodeIgniter\vendor\codeigniter4\framework\system\CodeIgniter.php(432): CodeIgniter\CodeIgniter->runController(Object(App\Controllers\EditProfile))
#4 C:\xampp\htdocs\CodeIgniter\vendor\codeigniter4\framework\system\CodeIgniter.php(333): CodeIgniter\CodeIgniter->handleRequest(NULL, Object(Config\Cache), false)
#5 C:\xampp\htdocs\CodeIgniter\public\index.php(44): CodeIgniter\CodeIgniter->run()
#6 {main}
CRITICAL - 2021-03-23 02:54:35 -->  is not a valid rule.
#0 C:\xampp\htdocs\CodeIgniter\vendor\codeigniter4\framework\system\Validation\Validation.php(314): CodeIgniter\Validation\Exceptions\ValidationException::forRuleNotFound('')
#1 C:\xampp\htdocs\CodeIgniter\vendor\codeigniter4\framework\system\Validation\Validation.php(164): CodeIgniter\Validation\Validation->processRules('userfile', 'userfile', NULL, Array, Array)
#2 C:\xampp\htdocs\CodeIgniter\vendor\codeigniter4\framework\system\Controller.php(181): CodeIgniter\Validation\Validation->run()
#3 C:\xampp\htdocs\CodeIgniter\app\Controllers\EditProfile.php(51): CodeIgniter\Controller->validate(Array)
#4 C:\xampp\htdocs\CodeIgniter\vendor\codeigniter4\framework\system\CodeIgniter.php(936): App\Controllers\EditProfile->update()
#5 C:\xampp\htdocs\CodeIgniter\vendor\codeigniter4\framework\system\CodeIgniter.php(432): CodeIgniter\CodeIgniter->runController(Object(App\Controllers\EditProfile))
#6 C:\xampp\htdocs\CodeIgniter\vendor\codeigniter4\framework\system\CodeIgniter.php(333): CodeIgniter\CodeIgniter->handleRequest(NULL, Object(Config\Cache), false)
#7 C:\xampp\htdocs\CodeIgniter\public\index.php(44): CodeIgniter\CodeIgniter->run()
#8 {main}
CRITICAL - 2021-03-23 02:55:03 --> The original file is not a valid file.
#0 C:\xampp\htdocs\CodeIgniter\vendor\codeigniter4\framework\system\HTTP\Files\UploadedFile.php(143): CodeIgniter\HTTP\Exceptions\HTTPException::forInvalidFile()
#1 C:\xampp\htdocs\CodeIgniter\app\Controllers\EditProfile.php(66): CodeIgniter\HTTP\Files\UploadedFile->move('C:\\xampp\\htdocs...', '1616481752_bd61...')
#2 C:\xampp\htdocs\CodeIgniter\vendor\codeigniter4\framework\system\CodeIgniter.php(936): App\Controllers\EditProfile->update()
#3 C:\xampp\htdocs\CodeIgniter\vendor\codeigniter4\framework\system\CodeIgniter.php(432): CodeIgniter\CodeIgniter->runController(Object(App\Controllers\EditProfile))
#4 C:\xampp\htdocs\CodeIgniter\vendor\codeigniter4\framework\system\CodeIgniter.php(333): CodeIgniter\CodeIgniter->handleRequest(NULL, Object(Config\Cache), false)
#5 C:\xampp\htdocs\CodeIgniter\public\index.php(44): CodeIgniter\CodeIgniter->run()
#6 {main}
CRITICAL - 2021-03-23 02:58:41 --> The original file is not a valid file.
#0 C:\xampp\htdocs\CodeIgniter\vendor\codeigniter4\framework\system\HTTP\Files\UploadedFile.php(143): CodeIgniter\HTTP\Exceptions\HTTPException::forInvalidFile()
#1 C:\xampp\htdocs\CodeIgniter\app\Controllers\EditProfile.php(69): CodeIgniter\HTTP\Files\UploadedFile->move('C:\\xampp\\htdocs...', '1616481752_bd61...')
#2 C:\xampp\htdocs\CodeIgniter\vendor\codeigniter4\framework\system\CodeIgniter.php(936): App\Controllers\EditProfile->update()
#3 C:\xampp\htdocs\CodeIgniter\vendor\codeigniter4\framework\system\CodeIgniter.php(432): CodeIgniter\CodeIgniter->runController(Object(App\Controllers\EditProfile))
#4 C:\xampp\htdocs\CodeIgniter\vendor\codeigniter4\framework\system\CodeIgniter.php(333): CodeIgniter\CodeIgniter->handleRequest(NULL, Object(Config\Cache), false)
#5 C:\xampp\htdocs\CodeIgniter\public\index.php(44): CodeIgniter\CodeIgniter->run()
#6 {main}
CRITICAL - 2021-03-23 03:01:21 --> The original file is not a valid file.
#0 C:\xampp\htdocs\CodeIgniter\vendor\codeigniter4\framework\system\HTTP\Files\UploadedFile.php(143): CodeIgniter\HTTP\Exceptions\HTTPException::forInvalidFile()
#1 C:\xampp\htdocs\CodeIgniter\app\Controllers\EditProfile.php(69): CodeIgniter\HTTP\Files\UploadedFile->move('C:\\xampp\\htdocs...', '1616481752_bd61...')
#2 C:\xampp\htdocs\CodeIgniter\vendor\codeigniter4\framework\system\CodeIgniter.php(936): App\Controllers\EditProfile->update()
#3 C:\xampp\htdocs\CodeIgniter\vendor\codeigniter4\framework\system\CodeIgniter.php(432): CodeIgniter\CodeIgniter->runController(Object(App\Controllers\EditProfile))
#4 C:\xampp\htdocs\CodeIgniter\vendor\codeigniter4\framework\system\CodeIgniter.php(333): CodeIgniter\CodeIgniter->handleRequest(NULL, Object(Config\Cache), false)
#5 C:\xampp\htdocs\CodeIgniter\public\index.php(44): CodeIgniter\CodeIgniter->run()
#6 {main}
CRITICAL - 2021-03-23 03:03:02 --> The original file is not a valid file.
#0 C:\xampp\htdocs\CodeIgniter\vendor\codeigniter4\framework\system\HTTP\Files\UploadedFile.php(143): CodeIgniter\HTTP\Exceptions\HTTPException::forInvalidFile()
#1 C:\xampp\htdocs\CodeIgniter\app\Controllers\EditProfile.php(66): CodeIgniter\HTTP\Files\UploadedFile->move('C:\\xampp\\htdocs...', '1616481752_bd61...')
#2 C:\xampp\htdocs\CodeIgniter\vendor\codeigniter4\framework\system\CodeIgniter.php(936): App\Controllers\EditProfile->update()
#3 C:\xampp\htdocs\CodeIgniter\vendor\codeigniter4\framework\system\CodeIgniter.php(432): CodeIgniter\CodeIgniter->runController(Object(App\Controllers\EditProfile))
#4 C:\xampp\htdocs\CodeIgniter\vendor\codeigniter4\framework\system\CodeIgniter.php(333): CodeIgniter\CodeIgniter->handleRequest(NULL, Object(Config\Cache), false)
#5 C:\xampp\htdocs\CodeIgniter\public\index.php(44): CodeIgniter\CodeIgniter->run()
#6 {main}
CRITICAL - 2021-03-23 05:12:31 --> Call to undefined function App\Controllers\write_file()
#0 C:\xampp\htdocs\CodeIgniter\vendor\codeigniter4\framework\system\CodeIgniter.php(936): App\Controllers\EditProfile->update()
#1 C:\xampp\htdocs\CodeIgniter\vendor\codeigniter4\framework\system\CodeIgniter.php(432): CodeIgniter\CodeIgniter->runController(Object(App\Controllers\EditProfile))
#2 C:\xampp\htdocs\CodeIgniter\vendor\codeigniter4\framework\system\CodeIgniter.php(333): CodeIgniter\CodeIgniter->handleRequest(NULL, Object(Config\Cache), false)
#3 C:\xampp\htdocs\CodeIgniter\public\index.php(44): CodeIgniter\CodeIgniter->run()
#4 {main}
CRITICAL - 2021-03-23 05:12:57 --> Argument 2 passed to write_file() must be of the type string, array given, called in C:\xampp\htdocs\CodeIgniter\app\Controllers\EditProfile.php on line 67
#0 C:\xampp\htdocs\CodeIgniter\app\Controllers\EditProfile.php(67): write_file('C:\\xampp\\htdocs...', Array)
#1 C:\xampp\htdocs\CodeIgniter\vendor\codeigniter4\framework\system\CodeIgniter.php(936): App\Controllers\EditProfile->update()
#2 C:\xampp\htdocs\CodeIgniter\vendor\codeigniter4\framework\system\CodeIgniter.php(432): CodeIgniter\CodeIgniter->runController(Object(App\Controllers\EditProfile))
#3 C:\xampp\htdocs\CodeIgniter\vendor\codeigniter4\framework\system\CodeIgniter.php(333): CodeIgniter\CodeIgniter->handleRequest(NULL, Object(Config\Cache), false)
#4 C:\xampp\htdocs\CodeIgniter\public\index.php(44): CodeIgniter\CodeIgniter->run()
#5 {main}
CRITICAL - 2021-03-23 05:19:47 --> overwrite is not a valid rule.
#0 C:\xampp\htdocs\CodeIgniter\vendor\codeigniter4\framework\system\Validation\Validation.php(314): CodeIgniter\Validation\Exceptions\ValidationException::forRuleNotFound('overwrite')
#1 C:\xampp\htdocs\CodeIgniter\vendor\codeigniter4\framework\system\Validation\Validation.php(164): CodeIgniter\Validation\Validation->processRules('userfile', 'userfile', NULL, Array, Array)
#2 C:\xampp\htdocs\CodeIgniter\vendor\codeigniter4\framework\system\Controller.php(181): CodeIgniter\Validation\Validation->run()
#3 C:\xampp\htdocs\CodeIgniter\app\Controllers\EditProfile.php(51): CodeIgniter\Controller->validate(Array)
#4 C:\xampp\htdocs\CodeIgniter\vendor\codeigniter4\framework\system\CodeIgniter.php(936): App\Controllers\EditProfile->update()
#5 C:\xampp\htdocs\CodeIgniter\vendor\codeigniter4\framework\system\CodeIgniter.php(432): CodeIgniter\CodeIgniter->runController(Object(App\Controllers\EditProfile))
#6 C:\xampp\htdocs\CodeIgniter\vendor\codeigniter4\framework\system\CodeIgniter.php(333): CodeIgniter\CodeIgniter->handleRequest(NULL, Object(Config\Cache), false)
#7 C:\xampp\htdocs\CodeIgniter\public\index.php(44): CodeIgniter\CodeIgniter->run()
#8 {main}
CRITICAL - 2021-03-23 05:22:34 --> Undefined property: App\Controllers\EditProfile::$load
#0 C:\xampp\htdocs\CodeIgniter\app\Controllers\EditProfile.php(58): CodeIgniter\Debug\Exceptions->errorHandler(8, 'Undefined prope...', 'C:\\xampp\\htdocs...', 58, Array)
#1 C:\xampp\htdocs\CodeIgniter\vendor\codeigniter4\framework\system\CodeIgniter.php(936): App\Controllers\EditProfile->update()
#2 C:\xampp\htdocs\CodeIgniter\vendor\codeigniter4\framework\system\CodeIgniter.php(432): CodeIgniter\CodeIgniter->runController(Object(App\Controllers\EditProfile))
#3 C:\xampp\htdocs\CodeIgniter\vendor\codeigniter4\framework\system\CodeIgniter.php(333): CodeIgniter\CodeIgniter->handleRequest(NULL, Object(Config\Cache), false)
#4 C:\xampp\htdocs\CodeIgniter\public\index.php(44): CodeIgniter\CodeIgniter->run()
#5 {main}
CRITICAL - 2021-03-23 05:39:33 --> Call to undefined method App\Controllers\EditProfile::library()
#0 C:\xampp\htdocs\CodeIgniter\vendor\codeigniter4\framework\system\CodeIgniter.php(936): App\Controllers\EditProfile->update()
#1 C:\xampp\htdocs\CodeIgniter\vendor\codeigniter4\framework\system\CodeIgniter.php(432): CodeIgniter\CodeIgniter->runController(Object(App\Controllers\EditProfile))
#2 C:\xampp\htdocs\CodeIgniter\vendor\codeigniter4\framework\system\CodeIgniter.php(333): CodeIgniter\CodeIgniter->handleRequest(NULL, Object(Config\Cache), false)
#3 C:\xampp\htdocs\CodeIgniter\public\index.php(44): CodeIgniter\CodeIgniter->run()
#4 {main}
