CRITICAL - 2021-03-19 00:31:36 --> Undefined variable: user_name
#0 C:\xampp\htdocs\CodeIgniter\app\Views\editprofile.php(35): CodeIgniter\Debug\Exceptions->errorHandler(8, 'Undefined varia...', 'C:\\xampp\\htdocs...', 35, Array)
#1 C:\xampp\htdocs\CodeIgniter\vendor\codeigniter4\framework\system\View\View.php(220): include('C:\\xampp\\htdocs...')
#2 C:\xampp\htdocs\CodeIgniter\vendor\codeigniter4\framework\system\View\View.php(222): CodeIgniter\View\View->CodeIgniter\View\{closure}()
#3 C:\xampp\htdocs\CodeIgniter\vendor\codeigniter4\framework\system\Common.php(1217): CodeIgniter\View\View->render('editprofile', Array, true)
#4 C:\xampp\htdocs\CodeIgniter\app\Controllers\EditProfile.php(11): view('editprofile')
#5 C:\xampp\htdocs\CodeIgniter\vendor\codeigniter4\framework\system\CodeIgniter.php(936): App\Controllers\EditProfile->index()
#6 C:\xampp\htdocs\CodeIgniter\vendor\codeigniter4\framework\system\CodeIgniter.php(432): CodeIgniter\CodeIgniter->runController(Object(App\Controllers\EditProfile))
#7 C:\xampp\htdocs\CodeIgniter\vendor\codeigniter4\framework\system\CodeIgniter.php(333): CodeIgniter\CodeIgniter->handleRequest(NULL, Object(Config\Cache), false)
#8 C:\xampp\htdocs\CodeIgniter\public\index.php(44): CodeIgniter\CodeIgniter->run()
#9 {main}
CRITICAL - 2021-03-19 00:31:52 --> Undefined variable: user_name
#0 C:\xampp\htdocs\CodeIgniter\app\Views\editprofile.php(35): CodeIgniter\Debug\Exceptions->errorHandler(8, 'Undefined varia...', 'C:\\xampp\\htdocs...', 35, Array)
#1 C:\xampp\htdocs\CodeIgniter\vendor\codeigniter4\framework\system\View\View.php(220): include('C:\\xampp\\htdocs...')
#2 C:\xampp\htdocs\CodeIgniter\vendor\codeigniter4\framework\system\View\View.php(222): CodeIgniter\View\View->CodeIgniter\View\{closure}()
#3 C:\xampp\htdocs\CodeIgniter\vendor\codeigniter4\framework\system\Common.php(1217): CodeIgniter\View\View->render('editprofile', Array, true)
#4 C:\xampp\htdocs\CodeIgniter\app\Controllers\EditProfile.php(11): view('editprofile')
#5 C:\xampp\htdocs\CodeIgniter\vendor\codeigniter4\framework\system\CodeIgniter.php(936): App\Controllers\EditProfile->index()
#6 C:\xampp\htdocs\CodeIgniter\vendor\codeigniter4\framework\system\CodeIgniter.php(432): CodeIgniter\CodeIgniter->runController(Object(App\Controllers\EditProfile))
#7 C:\xampp\htdocs\CodeIgniter\vendor\codeigniter4\framework\system\CodeIgniter.php(333): CodeIgniter\CodeIgniter->handleRequest(NULL, Object(Config\Cache), false)
#8 C:\xampp\htdocs\CodeIgniter\public\index.php(44): CodeIgniter\CodeIgniter->run()
#9 {main}
CRITICAL - 2021-03-19 00:38:14 --> syntax error, unexpected 'mb' (T_STRING)
#0 C:\xampp\htdocs\CodeIgniter\vendor\codeigniter4\framework\system\View\View.php(222): CodeIgniter\View\View->CodeIgniter\View\{closure}()
#1 C:\xampp\htdocs\CodeIgniter\vendor\codeigniter4\framework\system\Common.php(1217): CodeIgniter\View\View->render('editprofile', Array, true)
#2 C:\xampp\htdocs\CodeIgniter\app\Controllers\EditProfile.php(23): view('editprofile', Array)
#3 C:\xampp\htdocs\CodeIgniter\vendor\codeigniter4\framework\system\CodeIgniter.php(936): App\Controllers\EditProfile->index()
#4 C:\xampp\htdocs\CodeIgniter\vendor\codeigniter4\framework\system\CodeIgniter.php(432): CodeIgniter\CodeIgniter->runController(Object(App\Controllers\EditProfile))
#5 C:\xampp\htdocs\CodeIgniter\vendor\codeigniter4\framework\system\CodeIgniter.php(333): CodeIgniter\CodeIgniter->handleRequest(NULL, Object(Config\Cache), false)
#6 C:\xampp\htdocs\CodeIgniter\public\index.php(44): CodeIgniter\CodeIgniter->run()
#7 {main}
CRITICAL - 2021-03-19 01:01:43 --> decimal|min_length is not a valid rule.
#0 C:\xampp\htdocs\CodeIgniter\vendor\codeigniter4\framework\system\Validation\Validation.php(314): CodeIgniter\Validation\Exceptions\ValidationException::forRuleNotFound('decimal|min_len...')
#1 C:\xampp\htdocs\CodeIgniter\vendor\codeigniter4\framework\system\Validation\Validation.php(164): CodeIgniter\Validation\Validation->processRules('mobile', 'mobile', '2345678901', Array, Array)
#2 C:\xampp\htdocs\CodeIgniter\vendor\codeigniter4\framework\system\Controller.php(181): CodeIgniter\Validation\Validation->run()
#3 C:\xampp\htdocs\CodeIgniter\app\Controllers\EditProfile.php(40): CodeIgniter\Controller->validate(Array)
#4 C:\xampp\htdocs\CodeIgniter\vendor\codeigniter4\framework\system\CodeIgniter.php(936): App\Controllers\EditProfile->update()
#5 C:\xampp\htdocs\CodeIgniter\vendor\codeigniter4\framework\system\CodeIgniter.php(432): CodeIgniter\CodeIgniter->runController(Object(App\Controllers\EditProfile))
#6 C:\xampp\htdocs\CodeIgniter\vendor\codeigniter4\framework\system\CodeIgniter.php(333): CodeIgniter\CodeIgniter->handleRequest(NULL, Object(Config\Cache), false)
#7 C:\xampp\htdocs\CodeIgniter\public\index.php(44): CodeIgniter\CodeIgniter->run()
#8 {main}
ERROR - 2021-03-19 01:03:00 --> mysqli_sql_exception: Unknown column 'user.id' in 'where clause' in C:\xampp\htdocs\CodeIgniter\vendor\codeigniter4\framework\system\Database\MySQLi\Connection.php:314
Stack trace:
#0 C:\xampp\htdocs\CodeIgniter\vendor\codeigniter4\framework\system\Database\MySQLi\Connection.php(314): mysqli->query('UPDATE `user` S...')
#1 C:\xampp\htdocs\CodeIgniter\vendor\codeigniter4\framework\system\Database\BaseConnection.php(713): CodeIgniter\Database\MySQLi\Connection->execute('UPDATE `user` S...')
#2 C:\xampp\htdocs\CodeIgniter\vendor\codeigniter4\framework\system\Database\BaseConnection.php(641): CodeIgniter\Database\BaseConnection->simpleQuery('UPDATE `user` S...')
#3 C:\xampp\htdocs\CodeIgniter\vendor\codeigniter4\framework\system\Database\BaseBuilder.php(2468): CodeIgniter\Database\BaseConnection->query('UPDATE `user` S...', Array, false)
#4 C:\xampp\htdocs\CodeIgniter\vendor\codeigniter4\framework\system\Model.php(353): CodeIgniter\Database\BaseBuilder->update()
#5 C:\xampp\htdocs\CodeIgniter\vendor\codeigniter4\framework\system\BaseModel.php(901): CodeIgniter\Model->doUpdate(Array, Array)
#6 C:\xampp\htdocs\CodeIgniter\vendor\codeigniter4\framework\system\Model.php(737): CodeIgniter\BaseModel->update(Array, Array)
#7 C:\xampp\htdocs\CodeIgniter\app\Controllers\EditProfile.php(46): CodeIgniter\Model->update('6', Array)
#8 C:\xampp\htdocs\CodeIgniter\vendor\codeigniter4\framework\system\CodeIgniter.php(936): App\Controllers\EditProfile->update()
#9 C:\xampp\htdocs\CodeIgniter\vendor\codeigniter4\framework\system\CodeIgniter.php(432): CodeIgniter\CodeIgniter->runController(Object(App\Controllers\EditProfile))
#10 C:\xampp\htdocs\CodeIgniter\vendor\codeigniter4\framework\system\CodeIgniter.php(333): CodeIgniter\CodeIgniter->handleRequest(NULL, Object(Config\Cache), false)
#11 C:\xampp\htdocs\CodeIgniter\public\index.php(44): CodeIgniter\CodeIgniter->run()
#12 {main}
CRITICAL - 2021-03-19 01:03:00 --> Unknown column 'user.id' in 'where clause'
#0 C:\xampp\htdocs\CodeIgniter\vendor\codeigniter4\framework\system\Database\MySQLi\Connection.php(314): mysqli->query('UPDATE `user` S...')
#1 C:\xampp\htdocs\CodeIgniter\vendor\codeigniter4\framework\system\Database\BaseConnection.php(713): CodeIgniter\Database\MySQLi\Connection->execute('UPDATE `user` S...')
#2 C:\xampp\htdocs\CodeIgniter\vendor\codeigniter4\framework\system\Database\BaseConnection.php(641): CodeIgniter\Database\BaseConnection->simpleQuery('UPDATE `user` S...')
#3 C:\xampp\htdocs\CodeIgniter\vendor\codeigniter4\framework\system\Database\BaseBuilder.php(2468): CodeIgniter\Database\BaseConnection->query('UPDATE `user` S...', Array, false)
#4 C:\xampp\htdocs\CodeIgniter\vendor\codeigniter4\framework\system\Model.php(353): CodeIgniter\Database\BaseBuilder->update()
#5 C:\xampp\htdocs\CodeIgniter\vendor\codeigniter4\framework\system\BaseModel.php(901): CodeIgniter\Model->doUpdate(Array, Array)
#6 C:\xampp\htdocs\CodeIgniter\vendor\codeigniter4\framework\system\Model.php(737): CodeIgniter\BaseModel->update(Array, Array)
#7 C:\xampp\htdocs\CodeIgniter\app\Controllers\EditProfile.php(46): CodeIgniter\Model->update('6', Array)
#8 C:\xampp\htdocs\CodeIgniter\vendor\codeigniter4\framework\system\CodeIgniter.php(936): App\Controllers\EditProfile->update()
#9 C:\xampp\htdocs\CodeIgniter\vendor\codeigniter4\framework\system\CodeIgniter.php(432): CodeIgniter\CodeIgniter->runController(Object(App\Controllers\EditProfile))
#10 C:\xampp\htdocs\CodeIgniter\vendor\codeigniter4\framework\system\CodeIgniter.php(333): CodeIgniter\CodeIgniter->handleRequest(NULL, Object(Config\Cache), false)
#11 C:\xampp\htdocs\CodeIgniter\public\index.php(44): CodeIgniter\CodeIgniter->run()
#12 {main}
ERROR - 2021-03-19 01:06:31 --> mysqli_sql_exception: Unknown column 'user.id' in 'where clause' in C:\xampp\htdocs\CodeIgniter\vendor\codeigniter4\framework\system\Database\MySQLi\Connection.php:314
Stack trace:
#0 C:\xampp\htdocs\CodeIgniter\vendor\codeigniter4\framework\system\Database\MySQLi\Connection.php(314): mysqli->query('UPDATE `user` S...')
#1 C:\xampp\htdocs\CodeIgniter\vendor\codeigniter4\framework\system\Database\BaseConnection.php(713): CodeIgniter\Database\MySQLi\Connection->execute('UPDATE `user` S...')
#2 C:\xampp\htdocs\CodeIgniter\vendor\codeigniter4\framework\system\Database\BaseConnection.php(641): CodeIgniter\Database\BaseConnection->simpleQuery('UPDATE `user` S...')
#3 C:\xampp\htdocs\CodeIgniter\vendor\codeigniter4\framework\system\Database\BaseBuilder.php(2468): CodeIgniter\Database\BaseConnection->query('UPDATE `user` S...', Array, false)
#4 C:\xampp\htdocs\CodeIgniter\vendor\codeigniter4\framework\system\Model.php(353): CodeIgniter\Database\BaseBuilder->update()
#5 C:\xampp\htdocs\CodeIgniter\vendor\codeigniter4\framework\system\BaseModel.php(901): CodeIgniter\Model->doUpdate(Array, Array)
#6 C:\xampp\htdocs\CodeIgniter\vendor\codeigniter4\framework\system\Model.php(737): CodeIgniter\BaseModel->update(Array, Array)
#7 C:\xampp\htdocs\CodeIgniter\app\Controllers\EditProfile.php(46): CodeIgniter\Model->update('6', Array)
#8 C:\xampp\htdocs\CodeIgniter\vendor\codeigniter4\framework\system\CodeIgniter.php(936): App\Controllers\EditProfile->update()
#9 C:\xampp\htdocs\CodeIgniter\vendor\codeigniter4\framework\system\CodeIgniter.php(432): CodeIgniter\CodeIgniter->runController(Object(App\Controllers\EditProfile))
#10 C:\xampp\htdocs\CodeIgniter\vendor\codeigniter4\framework\system\CodeIgniter.php(333): CodeIgniter\CodeIgniter->handleRequest(NULL, Object(Config\Cache), false)
#11 C:\xampp\htdocs\CodeIgniter\public\index.php(44): CodeIgniter\CodeIgniter->run()
#12 {main}
CRITICAL - 2021-03-19 01:06:31 --> Unknown column 'user.id' in 'where clause'
#0 C:\xampp\htdocs\CodeIgniter\vendor\codeigniter4\framework\system\Database\MySQLi\Connection.php(314): mysqli->query('UPDATE `user` S...')
#1 C:\xampp\htdocs\CodeIgniter\vendor\codeigniter4\framework\system\Database\BaseConnection.php(713): CodeIgniter\Database\MySQLi\Connection->execute('UPDATE `user` S...')
#2 C:\xampp\htdocs\CodeIgniter\vendor\codeigniter4\framework\system\Database\BaseConnection.php(641): CodeIgniter\Database\BaseConnection->simpleQuery('UPDATE `user` S...')
#3 C:\xampp\htdocs\CodeIgniter\vendor\codeigniter4\framework\system\Database\BaseBuilder.php(2468): CodeIgniter\Database\BaseConnection->query('UPDATE `user` S...', Array, false)
#4 C:\xampp\htdocs\CodeIgniter\vendor\codeigniter4\framework\system\Model.php(353): CodeIgniter\Database\BaseBuilder->update()
#5 C:\xampp\htdocs\CodeIgniter\vendor\codeigniter4\framework\system\BaseModel.php(901): CodeIgniter\Model->doUpdate(Array, Array)
#6 C:\xampp\htdocs\CodeIgniter\vendor\codeigniter4\framework\system\Model.php(737): CodeIgniter\BaseModel->update(Array, Array)
#7 C:\xampp\htdocs\CodeIgniter\app\Controllers\EditProfile.php(46): CodeIgniter\Model->update('6', Array)
#8 C:\xampp\htdocs\CodeIgniter\vendor\codeigniter4\framework\system\CodeIgniter.php(936): App\Controllers\EditProfile->update()
#9 C:\xampp\htdocs\CodeIgniter\vendor\codeigniter4\framework\system\CodeIgniter.php(432): CodeIgniter\CodeIgniter->runController(Object(App\Controllers\EditProfile))
#10 C:\xampp\htdocs\CodeIgniter\vendor\codeigniter4\framework\system\CodeIgniter.php(333): CodeIgniter\CodeIgniter->handleRequest(NULL, Object(Config\Cache), false)
#11 C:\xampp\htdocs\CodeIgniter\public\index.php(44): CodeIgniter\CodeIgniter->run()
#12 {main}
CRITICAL - 2021-03-19 01:11:50 --> There is no data to update.
#0 C:\xampp\htdocs\CodeIgniter\vendor\codeigniter4\framework\system\BaseModel.php(1682): CodeIgniter\Database\Exceptions\DataException::forEmptyDataset('update')
#1 C:\xampp\htdocs\CodeIgniter\vendor\codeigniter4\framework\system\BaseModel.php(864): CodeIgniter\BaseModel->transformDataToArray(NULL, 'update')
#2 C:\xampp\htdocs\CodeIgniter\vendor\codeigniter4\framework\system\Model.php(737): CodeIgniter\BaseModel->update(Array, NULL)
#3 C:\xampp\htdocs\CodeIgniter\app\Controllers\EditProfile.php(46): CodeIgniter\Model->update(Array)
#4 C:\xampp\htdocs\CodeIgniter\vendor\codeigniter4\framework\system\CodeIgniter.php(936): App\Controllers\EditProfile->update()
#5 C:\xampp\htdocs\CodeIgniter\vendor\codeigniter4\framework\system\CodeIgniter.php(432): CodeIgniter\CodeIgniter->runController(Object(App\Controllers\EditProfile))
#6 C:\xampp\htdocs\CodeIgniter\vendor\codeigniter4\framework\system\CodeIgniter.php(333): CodeIgniter\CodeIgniter->handleRequest(NULL, Object(Config\Cache), false)
#7 C:\xampp\htdocs\CodeIgniter\public\index.php(44): CodeIgniter\CodeIgniter->run()
#8 {main}
CRITICAL - 2021-03-19 01:13:04 --> There is no data to update.
#0 C:\xampp\htdocs\CodeIgniter\vendor\codeigniter4\framework\system\BaseModel.php(1682): CodeIgniter\Database\Exceptions\DataException::forEmptyDataset('update')
#1 C:\xampp\htdocs\CodeIgniter\vendor\codeigniter4\framework\system\BaseModel.php(864): CodeIgniter\BaseModel->transformDataToArray(NULL, 'update')
#2 C:\xampp\htdocs\CodeIgniter\vendor\codeigniter4\framework\system\Model.php(737): CodeIgniter\BaseModel->update(Array, NULL)
#3 C:\xampp\htdocs\CodeIgniter\app\Controllers\EditProfile.php(46): CodeIgniter\Model->update(Array)
#4 C:\xampp\htdocs\CodeIgniter\vendor\codeigniter4\framework\system\CodeIgniter.php(936): App\Controllers\EditProfile->update()
#5 C:\xampp\htdocs\CodeIgniter\vendor\codeigniter4\framework\system\CodeIgniter.php(432): CodeIgniter\CodeIgniter->runController(Object(App\Controllers\EditProfile))
#6 C:\xampp\htdocs\CodeIgniter\vendor\codeigniter4\framework\system\CodeIgniter.php(333): CodeIgniter\CodeIgniter->handleRequest(NULL, Object(Config\Cache), false)
#7 C:\xampp\htdocs\CodeIgniter\public\index.php(44): CodeIgniter\CodeIgniter->run()
#8 {main}
CRITICAL - 2021-03-19 01:13:20 --> There is no data to update.
#0 C:\xampp\htdocs\CodeIgniter\vendor\codeigniter4\framework\system\BaseModel.php(1682): CodeIgniter\Database\Exceptions\DataException::forEmptyDataset('update')
#1 C:\xampp\htdocs\CodeIgniter\vendor\codeigniter4\framework\system\BaseModel.php(864): CodeIgniter\BaseModel->transformDataToArray(NULL, 'update')
#2 C:\xampp\htdocs\CodeIgniter\vendor\codeigniter4\framework\system\Model.php(737): CodeIgniter\BaseModel->update(Array, NULL)
#3 C:\xampp\htdocs\CodeIgniter\app\Controllers\EditProfile.php(46): CodeIgniter\Model->update(Array)
#4 C:\xampp\htdocs\CodeIgniter\vendor\codeigniter4\framework\system\CodeIgniter.php(936): App\Controllers\EditProfile->update()
#5 C:\xampp\htdocs\CodeIgniter\vendor\codeigniter4\framework\system\CodeIgniter.php(432): CodeIgniter\CodeIgniter->runController(Object(App\Controllers\EditProfile))
#6 C:\xampp\htdocs\CodeIgniter\vendor\codeigniter4\framework\system\CodeIgniter.php(333): CodeIgniter\CodeIgniter->handleRequest(NULL, Object(Config\Cache), false)
#7 C:\xampp\htdocs\CodeIgniter\public\index.php(44): CodeIgniter\CodeIgniter->run()
#8 {main}
CRITICAL - 2021-03-19 01:17:05 --> There is no data to update.
#0 C:\xampp\htdocs\CodeIgniter\vendor\codeigniter4\framework\system\BaseModel.php(1682): CodeIgniter\Database\Exceptions\DataException::forEmptyDataset('update')
#1 C:\xampp\htdocs\CodeIgniter\vendor\codeigniter4\framework\system\BaseModel.php(864): CodeIgniter\BaseModel->transformDataToArray(NULL, 'update')
#2 C:\xampp\htdocs\CodeIgniter\vendor\codeigniter4\framework\system\Model.php(737): CodeIgniter\BaseModel->update(Array, NULL)
#3 C:\xampp\htdocs\CodeIgniter\app\Controllers\EditProfile.php(46): CodeIgniter\Model->update(Array)
#4 C:\xampp\htdocs\CodeIgniter\vendor\codeigniter4\framework\system\CodeIgniter.php(936): App\Controllers\EditProfile->update()
#5 C:\xampp\htdocs\CodeIgniter\vendor\codeigniter4\framework\system\CodeIgniter.php(432): CodeIgniter\CodeIgniter->runController(Object(App\Controllers\EditProfile))
#6 C:\xampp\htdocs\CodeIgniter\vendor\codeigniter4\framework\system\CodeIgniter.php(333): CodeIgniter\CodeIgniter->handleRequest(NULL, Object(Config\Cache), false)
#7 C:\xampp\htdocs\CodeIgniter\public\index.php(44): CodeIgniter\CodeIgniter->run()
#8 {main}
CRITICAL - 2021-03-19 01:19:31 --> There is no data to update.
#0 C:\xampp\htdocs\CodeIgniter\vendor\codeigniter4\framework\system\BaseModel.php(1682): CodeIgniter\Database\Exceptions\DataException::forEmptyDataset('update')
#1 C:\xampp\htdocs\CodeIgniter\vendor\codeigniter4\framework\system\BaseModel.php(864): CodeIgniter\BaseModel->transformDataToArray(NULL, 'update')
#2 C:\xampp\htdocs\CodeIgniter\vendor\codeigniter4\framework\system\Model.php(737): CodeIgniter\BaseModel->update(Array, NULL)
#3 C:\xampp\htdocs\CodeIgniter\app\Controllers\EditProfile.php(46): CodeIgniter\Model->update(Array)
#4 C:\xampp\htdocs\CodeIgniter\vendor\codeigniter4\framework\system\CodeIgniter.php(936): App\Controllers\EditProfile->update()
#5 C:\xampp\htdocs\CodeIgniter\vendor\codeigniter4\framework\system\CodeIgniter.php(432): CodeIgniter\CodeIgniter->runController(Object(App\Controllers\EditProfile))
#6 C:\xampp\htdocs\CodeIgniter\vendor\codeigniter4\framework\system\CodeIgniter.php(333): CodeIgniter\CodeIgniter->handleRequest(NULL, Object(Config\Cache), false)
#7 C:\xampp\htdocs\CodeIgniter\public\index.php(44): CodeIgniter\CodeIgniter->run()
#8 {main}
CRITICAL - 2021-03-19 01:21:15 --> Undefined variable: user_name
#0 C:\xampp\htdocs\CodeIgniter\app\Views\editprofile.php(45): CodeIgniter\Debug\Exceptions->errorHandler(8, 'Undefined varia...', 'C:\\xampp\\htdocs...', 45, Array)
#1 C:\xampp\htdocs\CodeIgniter\vendor\codeigniter4\framework\system\View\View.php(220): include('C:\\xampp\\htdocs...')
#2 C:\xampp\htdocs\CodeIgniter\vendor\codeigniter4\framework\system\View\View.php(222): CodeIgniter\View\View->CodeIgniter\View\{closure}()
#3 C:\xampp\htdocs\CodeIgniter\vendor\codeigniter4\framework\system\Common.php(1217): CodeIgniter\View\View->render('editprofile', Array, true)
#4 C:\xampp\htdocs\CodeIgniter\app\Controllers\EditProfile.php(50): view('editprofile', Array)
#5 C:\xampp\htdocs\CodeIgniter\vendor\codeigniter4\framework\system\CodeIgniter.php(936): App\Controllers\EditProfile->update()
#6 C:\xampp\htdocs\CodeIgniter\vendor\codeigniter4\framework\system\CodeIgniter.php(432): CodeIgniter\CodeIgniter->runController(Object(App\Controllers\EditProfile))
#7 C:\xampp\htdocs\CodeIgniter\vendor\codeigniter4\framework\system\CodeIgniter.php(333): CodeIgniter\CodeIgniter->handleRequest(NULL, Object(Config\Cache), false)
#8 C:\xampp\htdocs\CodeIgniter\public\index.php(44): CodeIgniter\CodeIgniter->run()
#9 {main}
CRITICAL - 2021-03-19 01:23:10 --> There is no data to update.
#0 C:\xampp\htdocs\CodeIgniter\vendor\codeigniter4\framework\system\BaseModel.php(1682): CodeIgniter\Database\Exceptions\DataException::forEmptyDataset('update')
#1 C:\xampp\htdocs\CodeIgniter\vendor\codeigniter4\framework\system\BaseModel.php(864): CodeIgniter\BaseModel->transformDataToArray(NULL, 'update')
#2 C:\xampp\htdocs\CodeIgniter\vendor\codeigniter4\framework\system\Model.php(737): CodeIgniter\BaseModel->update(Array, NULL)
#3 C:\xampp\htdocs\CodeIgniter\app\Controllers\EditProfile.php(46): CodeIgniter\Model->update(Array)
#4 C:\xampp\htdocs\CodeIgniter\vendor\codeigniter4\framework\system\CodeIgniter.php(936): App\Controllers\EditProfile->update()
#5 C:\xampp\htdocs\CodeIgniter\vendor\codeigniter4\framework\system\CodeIgniter.php(432): CodeIgniter\CodeIgniter->runController(Object(App\Controllers\EditProfile))
#6 C:\xampp\htdocs\CodeIgniter\vendor\codeigniter4\framework\system\CodeIgniter.php(333): CodeIgniter\CodeIgniter->handleRequest(NULL, Object(Config\Cache), false)
#7 C:\xampp\htdocs\CodeIgniter\public\index.php(44): CodeIgniter\CodeIgniter->run()
#8 {main}
CRITICAL - 2021-03-19 01:23:23 --> There is no data to update.
#0 C:\xampp\htdocs\CodeIgniter\vendor\codeigniter4\framework\system\BaseModel.php(1682): CodeIgniter\Database\Exceptions\DataException::forEmptyDataset('update')
#1 C:\xampp\htdocs\CodeIgniter\vendor\codeigniter4\framework\system\BaseModel.php(864): CodeIgniter\BaseModel->transformDataToArray(NULL, 'update')
#2 C:\xampp\htdocs\CodeIgniter\vendor\codeigniter4\framework\system\Model.php(737): CodeIgniter\BaseModel->update(Array, NULL)
#3 C:\xampp\htdocs\CodeIgniter\app\Controllers\EditProfile.php(46): CodeIgniter\Model->update(Array)
#4 C:\xampp\htdocs\CodeIgniter\vendor\codeigniter4\framework\system\CodeIgniter.php(936): App\Controllers\EditProfile->update()
#5 C:\xampp\htdocs\CodeIgniter\vendor\codeigniter4\framework\system\CodeIgniter.php(432): CodeIgniter\CodeIgniter->runController(Object(App\Controllers\EditProfile))
#6 C:\xampp\htdocs\CodeIgniter\vendor\codeigniter4\framework\system\CodeIgniter.php(333): CodeIgniter\CodeIgniter->handleRequest(NULL, Object(Config\Cache), false)
#7 C:\xampp\htdocs\CodeIgniter\public\index.php(44): CodeIgniter\CodeIgniter->run()
#8 {main}
CRITICAL - 2021-03-19 01:27:26 --> Undefined variable: user_name
#0 C:\xampp\htdocs\CodeIgniter\app\Views\editprofile.php(45): CodeIgniter\Debug\Exceptions->errorHandler(8, 'Undefined varia...', 'C:\\xampp\\htdocs...', 45, Array)
#1 C:\xampp\htdocs\CodeIgniter\vendor\codeigniter4\framework\system\View\View.php(220): include('C:\\xampp\\htdocs...')
#2 C:\xampp\htdocs\CodeIgniter\vendor\codeigniter4\framework\system\View\View.php(222): CodeIgniter\View\View->CodeIgniter\View\{closure}()
#3 C:\xampp\htdocs\CodeIgniter\vendor\codeigniter4\framework\system\Common.php(1217): CodeIgniter\View\View->render('editprofile', Array, true)
#4 C:\xampp\htdocs\CodeIgniter\app\Controllers\EditProfile.php(50): view('editprofile', Array)
#5 C:\xampp\htdocs\CodeIgniter\vendor\codeigniter4\framework\system\CodeIgniter.php(936): App\Controllers\EditProfile->update()
#6 C:\xampp\htdocs\CodeIgniter\vendor\codeigniter4\framework\system\CodeIgniter.php(432): CodeIgniter\CodeIgniter->runController(Object(App\Controllers\EditProfile))
#7 C:\xampp\htdocs\CodeIgniter\vendor\codeigniter4\framework\system\CodeIgniter.php(333): CodeIgniter\CodeIgniter->handleRequest(NULL, Object(Config\Cache), false)
#8 C:\xampp\htdocs\CodeIgniter\public\index.php(44): CodeIgniter\CodeIgniter->run()
#9 {main}
CRITICAL - 2021-03-19 01:27:31 --> Undefined variable: user_name
#0 C:\xampp\htdocs\CodeIgniter\app\Views\editprofile.php(45): CodeIgniter\Debug\Exceptions->errorHandler(8, 'Undefined varia...', 'C:\\xampp\\htdocs...', 45, Array)
#1 C:\xampp\htdocs\CodeIgniter\vendor\codeigniter4\framework\system\View\View.php(220): include('C:\\xampp\\htdocs...')
#2 C:\xampp\htdocs\CodeIgniter\vendor\codeigniter4\framework\system\View\View.php(222): CodeIgniter\View\View->CodeIgniter\View\{closure}()
#3 C:\xampp\htdocs\CodeIgniter\vendor\codeigniter4\framework\system\Common.php(1217): CodeIgniter\View\View->render('editprofile', Array, true)
#4 C:\xampp\htdocs\CodeIgniter\app\Controllers\EditProfile.php(50): view('editprofile', Array)
#5 C:\xampp\htdocs\CodeIgniter\vendor\codeigniter4\framework\system\CodeIgniter.php(936): App\Controllers\EditProfile->update()
#6 C:\xampp\htdocs\CodeIgniter\vendor\codeigniter4\framework\system\CodeIgniter.php(432): CodeIgniter\CodeIgniter->runController(Object(App\Controllers\EditProfile))
#7 C:\xampp\htdocs\CodeIgniter\vendor\codeigniter4\framework\system\CodeIgniter.php(333): CodeIgniter\CodeIgniter->handleRequest(NULL, Object(Config\Cache), false)
#8 C:\xampp\htdocs\CodeIgniter\public\index.php(44): CodeIgniter\CodeIgniter->run()
#9 {main}
CRITICAL - 2021-03-19 01:27:39 --> Undefined variable: user_name
#0 C:\xampp\htdocs\CodeIgniter\app\Views\editprofile.php(45): CodeIgniter\Debug\Exceptions->errorHandler(8, 'Undefined varia...', 'C:\\xampp\\htdocs...', 45, Array)
#1 C:\xampp\htdocs\CodeIgniter\vendor\codeigniter4\framework\system\View\View.php(220): include('C:\\xampp\\htdocs...')
#2 C:\xampp\htdocs\CodeIgniter\vendor\codeigniter4\framework\system\View\View.php(222): CodeIgniter\View\View->CodeIgniter\View\{closure}()
#3 C:\xampp\htdocs\CodeIgniter\vendor\codeigniter4\framework\system\Common.php(1217): CodeIgniter\View\View->render('editprofile', Array, true)
#4 C:\xampp\htdocs\CodeIgniter\app\Controllers\EditProfile.php(50): view('editprofile', Array)
#5 C:\xampp\htdocs\CodeIgniter\vendor\codeigniter4\framework\system\CodeIgniter.php(936): App\Controllers\EditProfile->update()
#6 C:\xampp\htdocs\CodeIgniter\vendor\codeigniter4\framework\system\CodeIgniter.php(432): CodeIgniter\CodeIgniter->runController(Object(App\Controllers\EditProfile))
#7 C:\xampp\htdocs\CodeIgniter\vendor\codeigniter4\framework\system\CodeIgniter.php(333): CodeIgniter\CodeIgniter->handleRequest(NULL, Object(Config\Cache), false)
#8 C:\xampp\htdocs\CodeIgniter\public\index.php(44): CodeIgniter\CodeIgniter->run()
#9 {main}
CRITICAL - 2021-03-19 01:28:50 --> Undefined variable: user_name
#0 C:\xampp\htdocs\CodeIgniter\app\Views\editprofile.php(45): CodeIgniter\Debug\Exceptions->errorHandler(8, 'Undefined varia...', 'C:\\xampp\\htdocs...', 45, Array)
#1 C:\xampp\htdocs\CodeIgniter\vendor\codeigniter4\framework\system\View\View.php(220): include('C:\\xampp\\htdocs...')
#2 C:\xampp\htdocs\CodeIgniter\vendor\codeigniter4\framework\system\View\View.php(222): CodeIgniter\View\View->CodeIgniter\View\{closure}()
#3 C:\xampp\htdocs\CodeIgniter\vendor\codeigniter4\framework\system\Common.php(1217): CodeIgniter\View\View->render('editprofile', Array, true)
#4 C:\xampp\htdocs\CodeIgniter\app\Controllers\EditProfile.php(50): view('editprofile', Array)
#5 C:\xampp\htdocs\CodeIgniter\vendor\codeigniter4\framework\system\CodeIgniter.php(936): App\Controllers\EditProfile->update()
#6 C:\xampp\htdocs\CodeIgniter\vendor\codeigniter4\framework\system\CodeIgniter.php(432): CodeIgniter\CodeIgniter->runController(Object(App\Controllers\EditProfile))
#7 C:\xampp\htdocs\CodeIgniter\vendor\codeigniter4\framework\system\CodeIgniter.php(333): CodeIgniter\CodeIgniter->handleRequest(NULL, Object(Config\Cache), false)
#8 C:\xampp\htdocs\CodeIgniter\public\index.php(44): CodeIgniter\CodeIgniter->run()
#9 {main}
CRITICAL - 2021-03-19 01:30:39 --> Undefined variable: user_name
#0 C:\xampp\htdocs\CodeIgniter\app\Views\editprofile.php(45): CodeIgniter\Debug\Exceptions->errorHandler(8, 'Undefined varia...', 'C:\\xampp\\htdocs...', 45, Array)
#1 C:\xampp\htdocs\CodeIgniter\vendor\codeigniter4\framework\system\View\View.php(220): include('C:\\xampp\\htdocs...')
#2 C:\xampp\htdocs\CodeIgniter\vendor\codeigniter4\framework\system\View\View.php(222): CodeIgniter\View\View->CodeIgniter\View\{closure}()
#3 C:\xampp\htdocs\CodeIgniter\vendor\codeigniter4\framework\system\Common.php(1217): CodeIgniter\View\View->render('editprofile', Array, true)
#4 C:\xampp\htdocs\CodeIgniter\app\Controllers\EditProfile.php(50): view('editprofile', Array)
#5 C:\xampp\htdocs\CodeIgniter\vendor\codeigniter4\framework\system\CodeIgniter.php(936): App\Controllers\EditProfile->update()
#6 C:\xampp\htdocs\CodeIgniter\vendor\codeigniter4\framework\system\CodeIgniter.php(432): CodeIgniter\CodeIgniter->runController(Object(App\Controllers\EditProfile))
#7 C:\xampp\htdocs\CodeIgniter\vendor\codeigniter4\framework\system\CodeIgniter.php(333): CodeIgniter\CodeIgniter->handleRequest(NULL, Object(Config\Cache), false)
#8 C:\xampp\htdocs\CodeIgniter\public\index.php(44): CodeIgniter\CodeIgniter->run()
#9 {main}
CRITICAL - 2021-03-19 01:30:47 --> Undefined variable: user_name
#0 C:\xampp\htdocs\CodeIgniter\app\Views\editprofile.php(45): CodeIgniter\Debug\Exceptions->errorHandler(8, 'Undefined varia...', 'C:\\xampp\\htdocs...', 45, Array)
#1 C:\xampp\htdocs\CodeIgniter\vendor\codeigniter4\framework\system\View\View.php(220): include('C:\\xampp\\htdocs...')
#2 C:\xampp\htdocs\CodeIgniter\vendor\codeigniter4\framework\system\View\View.php(222): CodeIgniter\View\View->CodeIgniter\View\{closure}()
#3 C:\xampp\htdocs\CodeIgniter\vendor\codeigniter4\framework\system\Common.php(1217): CodeIgniter\View\View->render('editprofile', Array, true)
#4 C:\xampp\htdocs\CodeIgniter\app\Controllers\EditProfile.php(50): view('editprofile', Array)
#5 C:\xampp\htdocs\CodeIgniter\vendor\codeigniter4\framework\system\CodeIgniter.php(936): App\Controllers\EditProfile->update()
#6 C:\xampp\htdocs\CodeIgniter\vendor\codeigniter4\framework\system\CodeIgniter.php(432): CodeIgniter\CodeIgniter->runController(Object(App\Controllers\EditProfile))
#7 C:\xampp\htdocs\CodeIgniter\vendor\codeigniter4\framework\system\CodeIgniter.php(333): CodeIgniter\CodeIgniter->handleRequest(NULL, Object(Config\Cache), false)
#8 C:\xampp\htdocs\CodeIgniter\public\index.php(44): CodeIgniter\CodeIgniter->run()
#9 {main}
CRITICAL - 2021-03-19 01:30:53 --> Undefined variable: user_name
#0 C:\xampp\htdocs\CodeIgniter\app\Views\editprofile.php(45): CodeIgniter\Debug\Exceptions->errorHandler(8, 'Undefined varia...', 'C:\\xampp\\htdocs...', 45, Array)
#1 C:\xampp\htdocs\CodeIgniter\vendor\codeigniter4\framework\system\View\View.php(220): include('C:\\xampp\\htdocs...')
#2 C:\xampp\htdocs\CodeIgniter\vendor\codeigniter4\framework\system\View\View.php(222): CodeIgniter\View\View->CodeIgniter\View\{closure}()
#3 C:\xampp\htdocs\CodeIgniter\vendor\codeigniter4\framework\system\Common.php(1217): CodeIgniter\View\View->render('editprofile', Array, true)
#4 C:\xampp\htdocs\CodeIgniter\app\Controllers\EditProfile.php(50): view('editprofile', Array)
#5 C:\xampp\htdocs\CodeIgniter\vendor\codeigniter4\framework\system\CodeIgniter.php(936): App\Controllers\EditProfile->update()
#6 C:\xampp\htdocs\CodeIgniter\vendor\codeigniter4\framework\system\CodeIgniter.php(432): CodeIgniter\CodeIgniter->runController(Object(App\Controllers\EditProfile))
#7 C:\xampp\htdocs\CodeIgniter\vendor\codeigniter4\framework\system\CodeIgniter.php(333): CodeIgniter\CodeIgniter->handleRequest(NULL, Object(Config\Cache), false)
#8 C:\xampp\htdocs\CodeIgniter\public\index.php(44): CodeIgniter\CodeIgniter->run()
#9 {main}
CRITICAL - 2021-03-19 01:31:56 --> Undefined variable: user_name
#0 C:\xampp\htdocs\CodeIgniter\app\Views\editprofile.php(45): CodeIgniter\Debug\Exceptions->errorHandler(8, 'Undefined varia...', 'C:\\xampp\\htdocs...', 45, Array)
#1 C:\xampp\htdocs\CodeIgniter\vendor\codeigniter4\framework\system\View\View.php(220): include('C:\\xampp\\htdocs...')
#2 C:\xampp\htdocs\CodeIgniter\vendor\codeigniter4\framework\system\View\View.php(222): CodeIgniter\View\View->CodeIgniter\View\{closure}()
#3 C:\xampp\htdocs\CodeIgniter\vendor\codeigniter4\framework\system\Common.php(1217): CodeIgniter\View\View->render('editprofile', Array, true)
#4 C:\xampp\htdocs\CodeIgniter\app\Controllers\EditProfile.php(50): view('editprofile', Array)
#5 C:\xampp\htdocs\CodeIgniter\vendor\codeigniter4\framework\system\CodeIgniter.php(936): App\Controllers\EditProfile->update()
#6 C:\xampp\htdocs\CodeIgniter\vendor\codeigniter4\framework\system\CodeIgniter.php(432): CodeIgniter\CodeIgniter->runController(Object(App\Controllers\EditProfile))
#7 C:\xampp\htdocs\CodeIgniter\vendor\codeigniter4\framework\system\CodeIgniter.php(333): CodeIgniter\CodeIgniter->handleRequest(NULL, Object(Config\Cache), false)
#8 C:\xampp\htdocs\CodeIgniter\public\index.php(44): CodeIgniter\CodeIgniter->run()
#9 {main}
ERROR - 2021-03-19 01:34:25 --> mysqli_sql_exception: Unknown column 'user.id' in 'where clause' in C:\xampp\htdocs\CodeIgniter\vendor\codeigniter4\framework\system\Database\MySQLi\Connection.php:314
Stack trace:
#0 C:\xampp\htdocs\CodeIgniter\vendor\codeigniter4\framework\system\Database\MySQLi\Connection.php(314): mysqli->query('UPDATE `user` S...')
#1 C:\xampp\htdocs\CodeIgniter\vendor\codeigniter4\framework\system\Database\BaseConnection.php(713): CodeIgniter\Database\MySQLi\Connection->execute('UPDATE `user` S...')
#2 C:\xampp\htdocs\CodeIgniter\vendor\codeigniter4\framework\system\Database\BaseConnection.php(641): CodeIgniter\Database\BaseConnection->simpleQuery('UPDATE `user` S...')
#3 C:\xampp\htdocs\CodeIgniter\vendor\codeigniter4\framework\system\Database\BaseBuilder.php(2468): CodeIgniter\Database\BaseConnection->query('UPDATE `user` S...', Array, false)
#4 C:\xampp\htdocs\CodeIgniter\vendor\codeigniter4\framework\system\Model.php(353): CodeIgniter\Database\BaseBuilder->update()
#5 C:\xampp\htdocs\CodeIgniter\vendor\codeigniter4\framework\system\BaseModel.php(901): CodeIgniter\Model->doUpdate(Array, Array)
#6 C:\xampp\htdocs\CodeIgniter\vendor\codeigniter4\framework\system\Model.php(737): CodeIgniter\BaseModel->update(Array, Array)
#7 C:\xampp\htdocs\CodeIgniter\app\Controllers\EditProfile.php(46): CodeIgniter\Model->update('10', Array)
#8 C:\xampp\htdocs\CodeIgniter\vendor\codeigniter4\framework\system\CodeIgniter.php(936): App\Controllers\EditProfile->update()
#9 C:\xampp\htdocs\CodeIgniter\vendor\codeigniter4\framework\system\CodeIgniter.php(432): CodeIgniter\CodeIgniter->runController(Object(App\Controllers\EditProfile))
#10 C:\xampp\htdocs\CodeIgniter\vendor\codeigniter4\framework\system\CodeIgniter.php(333): CodeIgniter\CodeIgniter->handleRequest(NULL, Object(Config\Cache), false)
#11 C:\xampp\htdocs\CodeIgniter\public\index.php(44): CodeIgniter\CodeIgniter->run()
#12 {main}
CRITICAL - 2021-03-19 01:34:25 --> Unknown column 'user.id' in 'where clause'
#0 C:\xampp\htdocs\CodeIgniter\vendor\codeigniter4\framework\system\Database\MySQLi\Connection.php(314): mysqli->query('UPDATE `user` S...')
#1 C:\xampp\htdocs\CodeIgniter\vendor\codeigniter4\framework\system\Database\BaseConnection.php(713): CodeIgniter\Database\MySQLi\Connection->execute('UPDATE `user` S...')
#2 C:\xampp\htdocs\CodeIgniter\vendor\codeigniter4\framework\system\Database\BaseConnection.php(641): CodeIgniter\Database\BaseConnection->simpleQuery('UPDATE `user` S...')
#3 C:\xampp\htdocs\CodeIgniter\vendor\codeigniter4\framework\system\Database\BaseBuilder.php(2468): CodeIgniter\Database\BaseConnection->query('UPDATE `user` S...', Array, false)
#4 C:\xampp\htdocs\CodeIgniter\vendor\codeigniter4\framework\system\Model.php(353): CodeIgniter\Database\BaseBuilder->update()
#5 C:\xampp\htdocs\CodeIgniter\vendor\codeigniter4\framework\system\BaseModel.php(901): CodeIgniter\Model->doUpdate(Array, Array)
#6 C:\xampp\htdocs\CodeIgniter\vendor\codeigniter4\framework\system\Model.php(737): CodeIgniter\BaseModel->update(Array, Array)
#7 C:\xampp\htdocs\CodeIgniter\app\Controllers\EditProfile.php(46): CodeIgniter\Model->update('10', Array)
#8 C:\xampp\htdocs\CodeIgniter\vendor\codeigniter4\framework\system\CodeIgniter.php(936): App\Controllers\EditProfile->update()
#9 C:\xampp\htdocs\CodeIgniter\vendor\codeigniter4\framework\system\CodeIgniter.php(432): CodeIgniter\CodeIgniter->runController(Object(App\Controllers\EditProfile))
#10 C:\xampp\htdocs\CodeIgniter\vendor\codeigniter4\framework\system\CodeIgniter.php(333): CodeIgniter\CodeIgniter->handleRequest(NULL, Object(Config\Cache), false)
#11 C:\xampp\htdocs\CodeIgniter\public\index.php(44): CodeIgniter\CodeIgniter->run()
#12 {main}
CRITICAL - 2021-03-19 01:39:00 --> Undefined variable: user_name
#0 C:\xampp\htdocs\CodeIgniter\app\Views\editprofile.php(45): CodeIgniter\Debug\Exceptions->errorHandler(8, 'Undefined varia...', 'C:\\xampp\\htdocs...', 45, Array)
#1 C:\xampp\htdocs\CodeIgniter\vendor\codeigniter4\framework\system\View\View.php(220): include('C:\\xampp\\htdocs...')
#2 C:\xampp\htdocs\CodeIgniter\vendor\codeigniter4\framework\system\View\View.php(222): CodeIgniter\View\View->CodeIgniter\View\{closure}()
#3 C:\xampp\htdocs\CodeIgniter\vendor\codeigniter4\framework\system\Common.php(1217): CodeIgniter\View\View->render('editprofile', Array, true)
#4 C:\xampp\htdocs\CodeIgniter\app\Controllers\EditProfile.php(50): view('editprofile', Array)
#5 C:\xampp\htdocs\CodeIgniter\vendor\codeigniter4\framework\system\CodeIgniter.php(936): App\Controllers\EditProfile->update()
#6 C:\xampp\htdocs\CodeIgniter\vendor\codeigniter4\framework\system\CodeIgniter.php(432): CodeIgniter\CodeIgniter->runController(Object(App\Controllers\EditProfile))
#7 C:\xampp\htdocs\CodeIgniter\vendor\codeigniter4\framework\system\CodeIgniter.php(333): CodeIgniter\CodeIgniter->handleRequest(NULL, Object(Config\Cache), false)
#8 C:\xampp\htdocs\CodeIgniter\public\index.php(44): CodeIgniter\CodeIgniter->run()
#9 {main}
CRITICAL - 2021-03-19 01:39:25 --> Undefined variable: user_name
#0 C:\xampp\htdocs\CodeIgniter\app\Views\editprofile.php(45): CodeIgniter\Debug\Exceptions->errorHandler(8, 'Undefined varia...', 'C:\\xampp\\htdocs...', 45, Array)
#1 C:\xampp\htdocs\CodeIgniter\vendor\codeigniter4\framework\system\View\View.php(220): include('C:\\xampp\\htdocs...')
#2 C:\xampp\htdocs\CodeIgniter\vendor\codeigniter4\framework\system\View\View.php(222): CodeIgniter\View\View->CodeIgniter\View\{closure}()
#3 C:\xampp\htdocs\CodeIgniter\vendor\codeigniter4\framework\system\Common.php(1217): CodeIgniter\View\View->render('editprofile', Array, true)
#4 C:\xampp\htdocs\CodeIgniter\app\Controllers\EditProfile.php(50): view('editprofile', Array)
#5 C:\xampp\htdocs\CodeIgniter\vendor\codeigniter4\framework\system\CodeIgniter.php(936): App\Controllers\EditProfile->update()
#6 C:\xampp\htdocs\CodeIgniter\vendor\codeigniter4\framework\system\CodeIgniter.php(432): CodeIgniter\CodeIgniter->runController(Object(App\Controllers\EditProfile))
#7 C:\xampp\htdocs\CodeIgniter\vendor\codeigniter4\framework\system\CodeIgniter.php(333): CodeIgniter\CodeIgniter->handleRequest(NULL, Object(Config\Cache), false)
#8 C:\xampp\htdocs\CodeIgniter\public\index.php(44): CodeIgniter\CodeIgniter->run()
#9 {main}
CRITICAL - 2021-03-19 01:39:38 --> Undefined variable: user_name
#0 C:\xampp\htdocs\CodeIgniter\app\Views\editprofile.php(45): CodeIgniter\Debug\Exceptions->errorHandler(8, 'Undefined varia...', 'C:\\xampp\\htdocs...', 45, Array)
#1 C:\xampp\htdocs\CodeIgniter\vendor\codeigniter4\framework\system\View\View.php(220): include('C:\\xampp\\htdocs...')
#2 C:\xampp\htdocs\CodeIgniter\vendor\codeigniter4\framework\system\View\View.php(222): CodeIgniter\View\View->CodeIgniter\View\{closure}()
#3 C:\xampp\htdocs\CodeIgniter\vendor\codeigniter4\framework\system\Common.php(1217): CodeIgniter\View\View->render('editprofile', Array, true)
#4 C:\xampp\htdocs\CodeIgniter\app\Controllers\EditProfile.php(50): view('editprofile', Array)
#5 C:\xampp\htdocs\CodeIgniter\vendor\codeigniter4\framework\system\CodeIgniter.php(936): App\Controllers\EditProfile->update()
#6 C:\xampp\htdocs\CodeIgniter\vendor\codeigniter4\framework\system\CodeIgniter.php(432): CodeIgniter\CodeIgniter->runController(Object(App\Controllers\EditProfile))
#7 C:\xampp\htdocs\CodeIgniter\vendor\codeigniter4\framework\system\CodeIgniter.php(333): CodeIgniter\CodeIgniter->handleRequest(NULL, Object(Config\Cache), false)
#8 C:\xampp\htdocs\CodeIgniter\public\index.php(44): CodeIgniter\CodeIgniter->run()
#9 {main}
CRITICAL - 2021-03-19 01:39:44 --> Undefined variable: user_name
#0 C:\xampp\htdocs\CodeIgniter\app\Views\editprofile.php(45): CodeIgniter\Debug\Exceptions->errorHandler(8, 'Undefined varia...', 'C:\\xampp\\htdocs...', 45, Array)
#1 C:\xampp\htdocs\CodeIgniter\vendor\codeigniter4\framework\system\View\View.php(220): include('C:\\xampp\\htdocs...')
#2 C:\xampp\htdocs\CodeIgniter\vendor\codeigniter4\framework\system\View\View.php(222): CodeIgniter\View\View->CodeIgniter\View\{closure}()
#3 C:\xampp\htdocs\CodeIgniter\vendor\codeigniter4\framework\system\Common.php(1217): CodeIgniter\View\View->render('editprofile', Array, true)
#4 C:\xampp\htdocs\CodeIgniter\app\Controllers\EditProfile.php(50): view('editprofile', Array)
#5 C:\xampp\htdocs\CodeIgniter\vendor\codeigniter4\framework\system\CodeIgniter.php(936): App\Controllers\EditProfile->update()
#6 C:\xampp\htdocs\CodeIgniter\vendor\codeigniter4\framework\system\CodeIgniter.php(432): CodeIgniter\CodeIgniter->runController(Object(App\Controllers\EditProfile))
#7 C:\xampp\htdocs\CodeIgniter\vendor\codeigniter4\framework\system\CodeIgniter.php(333): CodeIgniter\CodeIgniter->handleRequest(NULL, Object(Config\Cache), false)
#8 C:\xampp\htdocs\CodeIgniter\public\index.php(44): CodeIgniter\CodeIgniter->run()
#9 {main}
CRITICAL - 2021-03-19 01:42:23 --> Undefined variable: user_name
#0 C:\xampp\htdocs\CodeIgniter\app\Views\editprofile.php(45): CodeIgniter\Debug\Exceptions->errorHandler(8, 'Undefined varia...', 'C:\\xampp\\htdocs...', 45, Array)
#1 C:\xampp\htdocs\CodeIgniter\vendor\codeigniter4\framework\system\View\View.php(220): include('C:\\xampp\\htdocs...')
#2 C:\xampp\htdocs\CodeIgniter\vendor\codeigniter4\framework\system\View\View.php(222): CodeIgniter\View\View->CodeIgniter\View\{closure}()
#3 C:\xampp\htdocs\CodeIgniter\vendor\codeigniter4\framework\system\Common.php(1217): CodeIgniter\View\View->render('editprofile', Array, true)
#4 C:\xampp\htdocs\CodeIgniter\app\Controllers\EditProfile.php(50): view('editprofile', Array)
#5 C:\xampp\htdocs\CodeIgniter\vendor\codeigniter4\framework\system\CodeIgniter.php(936): App\Controllers\EditProfile->update()
#6 C:\xampp\htdocs\CodeIgniter\vendor\codeigniter4\framework\system\CodeIgniter.php(432): CodeIgniter\CodeIgniter->runController(Object(App\Controllers\EditProfile))
#7 C:\xampp\htdocs\CodeIgniter\vendor\codeigniter4\framework\system\CodeIgniter.php(333): CodeIgniter\CodeIgniter->handleRequest(NULL, Object(Config\Cache), false)
#8 C:\xampp\htdocs\CodeIgniter\public\index.php(44): CodeIgniter\CodeIgniter->run()
#9 {main}
CRITICAL - 2021-03-19 01:45:00 --> Undefined variable: user_name
#0 C:\xampp\htdocs\CodeIgniter\app\Views\editprofile.php(45): CodeIgniter\Debug\Exceptions->errorHandler(8, 'Undefined varia...', 'C:\\xampp\\htdocs...', 45, Array)
#1 C:\xampp\htdocs\CodeIgniter\vendor\codeigniter4\framework\system\View\View.php(220): include('C:\\xampp\\htdocs...')
#2 C:\xampp\htdocs\CodeIgniter\vendor\codeigniter4\framework\system\View\View.php(222): CodeIgniter\View\View->CodeIgniter\View\{closure}()
#3 C:\xampp\htdocs\CodeIgniter\vendor\codeigniter4\framework\system\Common.php(1217): CodeIgniter\View\View->render('editprofile', Array, true)
#4 C:\xampp\htdocs\CodeIgniter\app\Controllers\EditProfile.php(50): view('editprofile', Array)
#5 C:\xampp\htdocs\CodeIgniter\vendor\codeigniter4\framework\system\CodeIgniter.php(936): App\Controllers\EditProfile->update()
#6 C:\xampp\htdocs\CodeIgniter\vendor\codeigniter4\framework\system\CodeIgniter.php(432): CodeIgniter\CodeIgniter->runController(Object(App\Controllers\EditProfile))
#7 C:\xampp\htdocs\CodeIgniter\vendor\codeigniter4\framework\system\CodeIgniter.php(333): CodeIgniter\CodeIgniter->handleRequest(NULL, Object(Config\Cache), false)
#8 C:\xampp\htdocs\CodeIgniter\public\index.php(44): CodeIgniter\CodeIgniter->run()
#9 {main}
CRITICAL - 2021-03-19 01:45:10 --> Undefined variable: user_name
#0 C:\xampp\htdocs\CodeIgniter\app\Views\editprofile.php(45): CodeIgniter\Debug\Exceptions->errorHandler(8, 'Undefined varia...', 'C:\\xampp\\htdocs...', 45, Array)
#1 C:\xampp\htdocs\CodeIgniter\vendor\codeigniter4\framework\system\View\View.php(220): include('C:\\xampp\\htdocs...')
#2 C:\xampp\htdocs\CodeIgniter\vendor\codeigniter4\framework\system\View\View.php(222): CodeIgniter\View\View->CodeIgniter\View\{closure}()
#3 C:\xampp\htdocs\CodeIgniter\vendor\codeigniter4\framework\system\Common.php(1217): CodeIgniter\View\View->render('editprofile', Array, true)
#4 C:\xampp\htdocs\CodeIgniter\app\Controllers\EditProfile.php(50): view('editprofile', Array)
#5 C:\xampp\htdocs\CodeIgniter\vendor\codeigniter4\framework\system\CodeIgniter.php(936): App\Controllers\EditProfile->update()
#6 C:\xampp\htdocs\CodeIgniter\vendor\codeigniter4\framework\system\CodeIgniter.php(432): CodeIgniter\CodeIgniter->runController(Object(App\Controllers\EditProfile))
#7 C:\xampp\htdocs\CodeIgniter\vendor\codeigniter4\framework\system\CodeIgniter.php(333): CodeIgniter\CodeIgniter->handleRequest(NULL, Object(Config\Cache), false)
#8 C:\xampp\htdocs\CodeIgniter\public\index.php(44): CodeIgniter\CodeIgniter->run()
#9 {main}
CRITICAL - 2021-03-19 02:39:31 -->  is not a valid rule.
#0 C:\xampp\htdocs\CodeIgniter\vendor\codeigniter4\framework\system\Validation\Validation.php(314): CodeIgniter\Validation\Exceptions\ValidationException::forRuleNotFound('')
#1 C:\xampp\htdocs\CodeIgniter\vendor\codeigniter4\framework\system\Validation\Validation.php(164): CodeIgniter\Validation\Validation->processRules('pic', 'pic', 'KaransinghRajpu...', Array, Array)
#2 C:\xampp\htdocs\CodeIgniter\vendor\codeigniter4\framework\system\Controller.php(181): CodeIgniter\Validation\Validation->run()
#3 C:\xampp\htdocs\CodeIgniter\app\Controllers\EditProfile.php(51): CodeIgniter\Controller->validate(Array)
#4 C:\xampp\htdocs\CodeIgniter\vendor\codeigniter4\framework\system\CodeIgniter.php(936): App\Controllers\EditProfile->update()
#5 C:\xampp\htdocs\CodeIgniter\vendor\codeigniter4\framework\system\CodeIgniter.php(432): CodeIgniter\CodeIgniter->runController(Object(App\Controllers\EditProfile))
#6 C:\xampp\htdocs\CodeIgniter\vendor\codeigniter4\framework\system\CodeIgniter.php(333): CodeIgniter\CodeIgniter->handleRequest(NULL, Object(Config\Cache), false)
#7 C:\xampp\htdocs\CodeIgniter\public\index.php(44): CodeIgniter\CodeIgniter->run()
#8 {main}
CRITICAL - 2021-03-19 02:39:54 -->  is not a valid rule.
#0 C:\xampp\htdocs\CodeIgniter\vendor\codeigniter4\framework\system\Validation\Validation.php(314): CodeIgniter\Validation\Exceptions\ValidationException::forRuleNotFound('')
#1 C:\xampp\htdocs\CodeIgniter\vendor\codeigniter4\framework\system\Validation\Validation.php(164): CodeIgniter\Validation\Validation->processRules('pic', 'pic', 'KaransinghRajpu...', Array, Array)
#2 C:\xampp\htdocs\CodeIgniter\vendor\codeigniter4\framework\system\Controller.php(181): CodeIgniter\Validation\Validation->run()
#3 C:\xampp\htdocs\CodeIgniter\app\Controllers\EditProfile.php(51): CodeIgniter\Controller->validate(Array)
#4 C:\xampp\htdocs\CodeIgniter\vendor\codeigniter4\framework\system\CodeIgniter.php(936): App\Controllers\EditProfile->update()
#5 C:\xampp\htdocs\CodeIgniter\vendor\codeigniter4\framework\system\CodeIgniter.php(432): CodeIgniter\CodeIgniter->runController(Object(App\Controllers\EditProfile))
#6 C:\xampp\htdocs\CodeIgniter\vendor\codeigniter4\framework\system\CodeIgniter.php(333): CodeIgniter\CodeIgniter->handleRequest(NULL, Object(Config\Cache), false)
#7 C:\xampp\htdocs\CodeIgniter\public\index.php(44): CodeIgniter\CodeIgniter->run()
#8 {main}
CRITICAL - 2021-03-19 02:42:52 --> Call to a member function move() on null
#0 C:\xampp\htdocs\CodeIgniter\vendor\codeigniter4\framework\system\CodeIgniter.php(936): App\Controllers\EditProfile->update()
#1 C:\xampp\htdocs\CodeIgniter\vendor\codeigniter4\framework\system\CodeIgniter.php(432): CodeIgniter\CodeIgniter->runController(Object(App\Controllers\EditProfile))
#2 C:\xampp\htdocs\CodeIgniter\vendor\codeigniter4\framework\system\CodeIgniter.php(333): CodeIgniter\CodeIgniter->handleRequest(NULL, Object(Config\Cache), false)
#3 C:\xampp\htdocs\CodeIgniter\public\index.php(44): CodeIgniter\CodeIgniter->run()
#4 {main}
CRITICAL - 2021-03-19 02:43:19 --> Call to a member function move() on null
#0 C:\xampp\htdocs\CodeIgniter\vendor\codeigniter4\framework\system\CodeIgniter.php(936): App\Controllers\EditProfile->update()
#1 C:\xampp\htdocs\CodeIgniter\vendor\codeigniter4\framework\system\CodeIgniter.php(432): CodeIgniter\CodeIgniter->runController(Object(App\Controllers\EditProfile))
#2 C:\xampp\htdocs\CodeIgniter\vendor\codeigniter4\framework\system\CodeIgniter.php(333): CodeIgniter\CodeIgniter->handleRequest(NULL, Object(Config\Cache), false)
#3 C:\xampp\htdocs\CodeIgniter\public\index.php(44): CodeIgniter\CodeIgniter->run()
#4 {main}
CRITICAL - 2021-03-19 02:44:49 --> Call to a member function move() on null
#0 C:\xampp\htdocs\CodeIgniter\vendor\codeigniter4\framework\system\CodeIgniter.php(936): App\Controllers\EditProfile->update()
#1 C:\xampp\htdocs\CodeIgniter\vendor\codeigniter4\framework\system\CodeIgniter.php(432): CodeIgniter\CodeIgniter->runController(Object(App\Controllers\EditProfile))
#2 C:\xampp\htdocs\CodeIgniter\vendor\codeigniter4\framework\system\CodeIgniter.php(333): CodeIgniter\CodeIgniter->handleRequest(NULL, Object(Config\Cache), false)
#3 C:\xampp\htdocs\CodeIgniter\public\index.php(44): CodeIgniter\CodeIgniter->run()
#4 {main}
CRITICAL - 2021-03-19 02:45:47 --> Call to a member function getName() on null
#0 C:\xampp\htdocs\CodeIgniter\vendor\codeigniter4\framework\system\CodeIgniter.php(936): App\Controllers\EditProfile->update()
#1 C:\xampp\htdocs\CodeIgniter\vendor\codeigniter4\framework\system\CodeIgniter.php(432): CodeIgniter\CodeIgniter->runController(Object(App\Controllers\EditProfile))
#2 C:\xampp\htdocs\CodeIgniter\vendor\codeigniter4\framework\system\CodeIgniter.php(333): CodeIgniter\CodeIgniter->handleRequest(NULL, Object(Config\Cache), false)
#3 C:\xampp\htdocs\CodeIgniter\public\index.php(44): CodeIgniter\CodeIgniter->run()
#4 {main}
CRITICAL - 2021-03-19 02:47:09 --> Call to a member function getName() on null
#0 C:\xampp\htdocs\CodeIgniter\vendor\codeigniter4\framework\system\CodeIgniter.php(936): App\Controllers\EditProfile->update()
#1 C:\xampp\htdocs\CodeIgniter\vendor\codeigniter4\framework\system\CodeIgniter.php(432): CodeIgniter\CodeIgniter->runController(Object(App\Controllers\EditProfile))
#2 C:\xampp\htdocs\CodeIgniter\vendor\codeigniter4\framework\system\CodeIgniter.php(333): CodeIgniter\CodeIgniter->handleRequest(NULL, Object(Config\Cache), false)
#3 C:\xampp\htdocs\CodeIgniter\public\index.php(44): CodeIgniter\CodeIgniter->run()
#4 {main}
CRITICAL - 2021-03-19 02:47:27 --> Call to a member function getName() on null
#0 C:\xampp\htdocs\CodeIgniter\vendor\codeigniter4\framework\system\CodeIgniter.php(936): App\Controllers\EditProfile->update()
#1 C:\xampp\htdocs\CodeIgniter\vendor\codeigniter4\framework\system\CodeIgniter.php(432): CodeIgniter\CodeIgniter->runController(Object(App\Controllers\EditProfile))
#2 C:\xampp\htdocs\CodeIgniter\vendor\codeigniter4\framework\system\CodeIgniter.php(333): CodeIgniter\CodeIgniter->handleRequest(NULL, Object(Config\Cache), false)
#3 C:\xampp\htdocs\CodeIgniter\public\index.php(44): CodeIgniter\CodeIgniter->run()
#4 {main}
CRITICAL - 2021-03-19 02:48:04 --> Call to a member function getName() on null
#0 C:\xampp\htdocs\CodeIgniter\vendor\codeigniter4\framework\system\CodeIgniter.php(936): App\Controllers\EditProfile->update()
#1 C:\xampp\htdocs\CodeIgniter\vendor\codeigniter4\framework\system\CodeIgniter.php(432): CodeIgniter\CodeIgniter->runController(Object(App\Controllers\EditProfile))
#2 C:\xampp\htdocs\CodeIgniter\vendor\codeigniter4\framework\system\CodeIgniter.php(333): CodeIgniter\CodeIgniter->handleRequest(NULL, Object(Config\Cache), false)
#3 C:\xampp\htdocs\CodeIgniter\public\index.php(44): CodeIgniter\CodeIgniter->run()
#4 {main}
CRITICAL - 2021-03-19 02:51:26 --> Call to a member function getName() on null
#0 C:\xampp\htdocs\CodeIgniter\vendor\codeigniter4\framework\system\CodeIgniter.php(936): App\Controllers\EditProfile->update()
#1 C:\xampp\htdocs\CodeIgniter\vendor\codeigniter4\framework\system\CodeIgniter.php(432): CodeIgniter\CodeIgniter->runController(Object(App\Controllers\EditProfile))
#2 C:\xampp\htdocs\CodeIgniter\vendor\codeigniter4\framework\system\CodeIgniter.php(333): CodeIgniter\CodeIgniter->handleRequest(NULL, Object(Config\Cache), false)
#3 C:\xampp\htdocs\CodeIgniter\public\index.php(44): CodeIgniter\CodeIgniter->run()
#4 {main}
CRITICAL - 2021-03-19 02:51:38 --> Call to a member function move() on null
#0 C:\xampp\htdocs\CodeIgniter\vendor\codeigniter4\framework\system\CodeIgniter.php(936): App\Controllers\EditProfile->update()
#1 C:\xampp\htdocs\CodeIgniter\vendor\codeigniter4\framework\system\CodeIgniter.php(432): CodeIgniter\CodeIgniter->runController(Object(App\Controllers\EditProfile))
#2 C:\xampp\htdocs\CodeIgniter\vendor\codeigniter4\framework\system\CodeIgniter.php(333): CodeIgniter\CodeIgniter->handleRequest(NULL, Object(Config\Cache), false)
#3 C:\xampp\htdocs\CodeIgniter\public\index.php(44): CodeIgniter\CodeIgniter->run()
#4 {main}
CRITICAL - 2021-03-19 02:55:04 --> Call to a member function move() on null
#0 C:\xampp\htdocs\CodeIgniter\vendor\codeigniter4\framework\system\CodeIgniter.php(936): App\Controllers\EditProfile->update()
#1 C:\xampp\htdocs\CodeIgniter\vendor\codeigniter4\framework\system\CodeIgniter.php(432): CodeIgniter\CodeIgniter->runController(Object(App\Controllers\EditProfile))
#2 C:\xampp\htdocs\CodeIgniter\vendor\codeigniter4\framework\system\CodeIgniter.php(333): CodeIgniter\CodeIgniter->handleRequest(NULL, Object(Config\Cache), false)
#3 C:\xampp\htdocs\CodeIgniter\public\index.php(44): CodeIgniter\CodeIgniter->run()
#4 {main}
CRITICAL - 2021-03-19 03:07:08 --> Call to a member function move() on null
#0 C:\xampp\htdocs\CodeIgniter\vendor\codeigniter4\framework\system\CodeIgniter.php(936): App\Controllers\EditProfile->update()
#1 C:\xampp\htdocs\CodeIgniter\vendor\codeigniter4\framework\system\CodeIgniter.php(432): CodeIgniter\CodeIgniter->runController(Object(App\Controllers\EditProfile))
#2 C:\xampp\htdocs\CodeIgniter\vendor\codeigniter4\framework\system\CodeIgniter.php(333): CodeIgniter\CodeIgniter->handleRequest(NULL, Object(Config\Cache), false)
#3 C:\xampp\htdocs\CodeIgniter\public\index.php(44): CodeIgniter\CodeIgniter->run()
#4 {main}
CRITICAL - 2021-03-19 03:07:21 --> Call to a member function move() on null
#0 C:\xampp\htdocs\CodeIgniter\vendor\codeigniter4\framework\system\CodeIgniter.php(936): App\Controllers\EditProfile->update()
#1 C:\xampp\htdocs\CodeIgniter\vendor\codeigniter4\framework\system\CodeIgniter.php(432): CodeIgniter\CodeIgniter->runController(Object(App\Controllers\EditProfile))
#2 C:\xampp\htdocs\CodeIgniter\vendor\codeigniter4\framework\system\CodeIgniter.php(333): CodeIgniter\CodeIgniter->handleRequest(NULL, Object(Config\Cache), false)
#3 C:\xampp\htdocs\CodeIgniter\public\index.php(44): CodeIgniter\CodeIgniter->run()
#4 {main}
CRITICAL - 2021-03-19 03:12:01 --> Call to a member function move() on array
#0 C:\xampp\htdocs\CodeIgniter\vendor\codeigniter4\framework\system\CodeIgniter.php(936): App\Controllers\EditProfile->update()
#1 C:\xampp\htdocs\CodeIgniter\vendor\codeigniter4\framework\system\CodeIgniter.php(432): CodeIgniter\CodeIgniter->runController(Object(App\Controllers\EditProfile))
#2 C:\xampp\htdocs\CodeIgniter\vendor\codeigniter4\framework\system\CodeIgniter.php(333): CodeIgniter\CodeIgniter->handleRequest(NULL, Object(Config\Cache), false)
#3 C:\xampp\htdocs\CodeIgniter\public\index.php(44): CodeIgniter\CodeIgniter->run()
#4 {main}
CRITICAL - 2021-03-19 03:12:10 --> Too few arguments to function CodeIgniter\HTTP\IncomingRequest::getFile(), 0 passed in C:\xampp\htdocs\CodeIgniter\app\Controllers\EditProfile.php on line 52 and exactly 1 expected
#0 C:\xampp\htdocs\CodeIgniter\app\Controllers\EditProfile.php(52): CodeIgniter\HTTP\IncomingRequest->getFile()
#1 C:\xampp\htdocs\CodeIgniter\vendor\codeigniter4\framework\system\CodeIgniter.php(936): App\Controllers\EditProfile->update()
#2 C:\xampp\htdocs\CodeIgniter\vendor\codeigniter4\framework\system\CodeIgniter.php(432): CodeIgniter\CodeIgniter->runController(Object(App\Controllers\EditProfile))
#3 C:\xampp\htdocs\CodeIgniter\vendor\codeigniter4\framework\system\CodeIgniter.php(333): CodeIgniter\CodeIgniter->handleRequest(NULL, Object(Config\Cache), false)
#4 C:\xampp\htdocs\CodeIgniter\public\index.php(44): CodeIgniter\CodeIgniter->run()
#5 {main}
CRITICAL - 2021-03-19 03:12:21 --> Call to a member function move() on null
#0 C:\xampp\htdocs\CodeIgniter\vendor\codeigniter4\framework\system\CodeIgniter.php(936): App\Controllers\EditProfile->update()
#1 C:\xampp\htdocs\CodeIgniter\vendor\codeigniter4\framework\system\CodeIgniter.php(432): CodeIgniter\CodeIgniter->runController(Object(App\Controllers\EditProfile))
#2 C:\xampp\htdocs\CodeIgniter\vendor\codeigniter4\framework\system\CodeIgniter.php(333): CodeIgniter\CodeIgniter->handleRequest(NULL, Object(Config\Cache), false)
#3 C:\xampp\htdocs\CodeIgniter\public\index.php(44): CodeIgniter\CodeIgniter->run()
#4 {main}
CRITICAL - 2021-03-19 03:15:37 --> Call to a member function move() on null
#0 C:\xampp\htdocs\CodeIgniter\vendor\codeigniter4\framework\system\CodeIgniter.php(936): App\Controllers\EditProfile->update()
#1 C:\xampp\htdocs\CodeIgniter\vendor\codeigniter4\framework\system\CodeIgniter.php(432): CodeIgniter\CodeIgniter->runController(Object(App\Controllers\EditProfile))
#2 C:\xampp\htdocs\CodeIgniter\vendor\codeigniter4\framework\system\CodeIgniter.php(333): CodeIgniter\CodeIgniter->handleRequest(NULL, Object(Config\Cache), false)
#3 C:\xampp\htdocs\CodeIgniter\public\index.php(44): CodeIgniter\CodeIgniter->run()
#4 {main}
CRITICAL - 2021-03-19 03:15:50 --> Call to a member function move() on null
#0 C:\xampp\htdocs\CodeIgniter\vendor\codeigniter4\framework\system\CodeIgniter.php(936): App\Controllers\EditProfile->update()
#1 C:\xampp\htdocs\CodeIgniter\vendor\codeigniter4\framework\system\CodeIgniter.php(432): CodeIgniter\CodeIgniter->runController(Object(App\Controllers\EditProfile))
#2 C:\xampp\htdocs\CodeIgniter\vendor\codeigniter4\framework\system\CodeIgniter.php(333): CodeIgniter\CodeIgniter->handleRequest(NULL, Object(Config\Cache), false)
#3 C:\xampp\htdocs\CodeIgniter\public\index.php(44): CodeIgniter\CodeIgniter->run()
#4 {main}
CRITICAL - 2021-03-19 03:20:38 --> Call to a member function move() on null
#0 C:\xampp\htdocs\CodeIgniter\vendor\codeigniter4\framework\system\CodeIgniter.php(936): App\Controllers\EditProfile->update()
#1 C:\xampp\htdocs\CodeIgniter\vendor\codeigniter4\framework\system\CodeIgniter.php(432): CodeIgniter\CodeIgniter->runController(Object(App\Controllers\EditProfile))
#2 C:\xampp\htdocs\CodeIgniter\vendor\codeigniter4\framework\system\CodeIgniter.php(333): CodeIgniter\CodeIgniter->handleRequest(NULL, Object(Config\Cache), false)
#3 C:\xampp\htdocs\CodeIgniter\public\index.php(44): CodeIgniter\CodeIgniter->run()
#4 {main}
CRITICAL - 2021-03-19 03:21:07 --> Call to a member function move() on null
#0 C:\xampp\htdocs\CodeIgniter\vendor\codeigniter4\framework\system\CodeIgniter.php(936): App\Controllers\EditProfile->update()
#1 C:\xampp\htdocs\CodeIgniter\vendor\codeigniter4\framework\system\CodeIgniter.php(432): CodeIgniter\CodeIgniter->runController(Object(App\Controllers\EditProfile))
#2 C:\xampp\htdocs\CodeIgniter\vendor\codeigniter4\framework\system\CodeIgniter.php(333): CodeIgniter\CodeIgniter->handleRequest(NULL, Object(Config\Cache), false)
#3 C:\xampp\htdocs\CodeIgniter\public\index.php(44): CodeIgniter\CodeIgniter->run()
#4 {main}
CRITICAL - 2021-03-19 03:21:24 --> Call to a member function move() on null
#0 C:\xampp\htdocs\CodeIgniter\vendor\codeigniter4\framework\system\CodeIgniter.php(936): App\Controllers\EditProfile->update()
#1 C:\xampp\htdocs\CodeIgniter\vendor\codeigniter4\framework\system\CodeIgniter.php(432): CodeIgniter\CodeIgniter->runController(Object(App\Controllers\EditProfile))
#2 C:\xampp\htdocs\CodeIgniter\vendor\codeigniter4\framework\system\CodeIgniter.php(333): CodeIgniter\CodeIgniter->handleRequest(NULL, Object(Config\Cache), false)
#3 C:\xampp\htdocs\CodeIgniter\public\index.php(44): CodeIgniter\CodeIgniter->run()
#4 {main}
CRITICAL - 2021-03-19 03:22:19 --> Call to a member function move() on null
#0 C:\xampp\htdocs\CodeIgniter\vendor\codeigniter4\framework\system\CodeIgniter.php(936): App\Controllers\EditProfile->update()
#1 C:\xampp\htdocs\CodeIgniter\vendor\codeigniter4\framework\system\CodeIgniter.php(432): CodeIgniter\CodeIgniter->runController(Object(App\Controllers\EditProfile))
#2 C:\xampp\htdocs\CodeIgniter\vendor\codeigniter4\framework\system\CodeIgniter.php(333): CodeIgniter\CodeIgniter->handleRequest(NULL, Object(Config\Cache), false)
#3 C:\xampp\htdocs\CodeIgniter\public\index.php(44): CodeIgniter\CodeIgniter->run()
#4 {main}
CRITICAL - 2021-03-19 03:35:44 --> Call to a member function getName() on null
#0 C:\xampp\htdocs\CodeIgniter\vendor\codeigniter4\framework\system\CodeIgniter.php(936): App\Controllers\EditProfile->update()
#1 C:\xampp\htdocs\CodeIgniter\vendor\codeigniter4\framework\system\CodeIgniter.php(432): CodeIgniter\CodeIgniter->runController(Object(App\Controllers\EditProfile))
#2 C:\xampp\htdocs\CodeIgniter\vendor\codeigniter4\framework\system\CodeIgniter.php(333): CodeIgniter\CodeIgniter->handleRequest(NULL, Object(Config\Cache), false)
#3 C:\xampp\htdocs\CodeIgniter\public\index.php(44): CodeIgniter\CodeIgniter->run()
#4 {main}
CRITICAL - 2021-03-19 05:04:59 --> Call to a member function move() on null
#0 C:\xampp\htdocs\CodeIgniter\vendor\codeigniter4\framework\system\CodeIgniter.php(936): App\Controllers\EditProfile->update()
#1 C:\xampp\htdocs\CodeIgniter\vendor\codeigniter4\framework\system\CodeIgniter.php(432): CodeIgniter\CodeIgniter->runController(Object(App\Controllers\EditProfile))
#2 C:\xampp\htdocs\CodeIgniter\vendor\codeigniter4\framework\system\CodeIgniter.php(333): CodeIgniter\CodeIgniter->handleRequest(NULL, Object(Config\Cache), false)
#3 C:\xampp\htdocs\CodeIgniter\public\index.php(44): CodeIgniter\CodeIgniter->run()
#4 {main}
CRITICAL - 2021-03-19 05:11:02 --> Call to a member function move() on null
#0 C:\xampp\htdocs\CodeIgniter\vendor\codeigniter4\framework\system\CodeIgniter.php(936): App\Controllers\EditProfile->update()
#1 C:\xampp\htdocs\CodeIgniter\vendor\codeigniter4\framework\system\CodeIgniter.php(432): CodeIgniter\CodeIgniter->runController(Object(App\Controllers\EditProfile))
#2 C:\xampp\htdocs\CodeIgniter\vendor\codeigniter4\framework\system\CodeIgniter.php(333): CodeIgniter\CodeIgniter->handleRequest(NULL, Object(Config\Cache), false)
#3 C:\xampp\htdocs\CodeIgniter\public\index.php(44): CodeIgniter\CodeIgniter->run()
#4 {main}
CRITICAL - 2021-03-19 05:13:50 --> Call to a member function move() on null
#0 C:\xampp\htdocs\CodeIgniter\vendor\codeigniter4\framework\system\CodeIgniter.php(936): App\Controllers\EditProfile->update()
#1 C:\xampp\htdocs\CodeIgniter\vendor\codeigniter4\framework\system\CodeIgniter.php(432): CodeIgniter\CodeIgniter->runController(Object(App\Controllers\EditProfile))
#2 C:\xampp\htdocs\CodeIgniter\vendor\codeigniter4\framework\system\CodeIgniter.php(333): CodeIgniter\CodeIgniter->handleRequest(NULL, Object(Config\Cache), false)
#3 C:\xampp\htdocs\CodeIgniter\public\index.php(44): CodeIgniter\CodeIgniter->run()
#4 {main}
CRITICAL - 2021-03-19 05:15:32 --> Call to a member function move() on null
#0 C:\xampp\htdocs\CodeIgniter\vendor\codeigniter4\framework\system\CodeIgniter.php(936): App\Controllers\EditProfile->update()
#1 C:\xampp\htdocs\CodeIgniter\vendor\codeigniter4\framework\system\CodeIgniter.php(432): CodeIgniter\CodeIgniter->runController(Object(App\Controllers\EditProfile))
#2 C:\xampp\htdocs\CodeIgniter\vendor\codeigniter4\framework\system\CodeIgniter.php(333): CodeIgniter\CodeIgniter->handleRequest(NULL, Object(Config\Cache), false)
#3 C:\xampp\htdocs\CodeIgniter\public\index.php(44): CodeIgniter\CodeIgniter->run()
#4 {main}
CRITICAL - 2021-03-19 05:15:38 --> Call to a member function move() on null
#0 C:\xampp\htdocs\CodeIgniter\vendor\codeigniter4\framework\system\CodeIgniter.php(936): App\Controllers\EditProfile->update()
#1 C:\xampp\htdocs\CodeIgniter\vendor\codeigniter4\framework\system\CodeIgniter.php(432): CodeIgniter\CodeIgniter->runController(Object(App\Controllers\EditProfile))
#2 C:\xampp\htdocs\CodeIgniter\vendor\codeigniter4\framework\system\CodeIgniter.php(333): CodeIgniter\CodeIgniter->handleRequest(NULL, Object(Config\Cache), false)
#3 C:\xampp\htdocs\CodeIgniter\public\index.php(44): CodeIgniter\CodeIgniter->run()
#4 {main}
CRITICAL - 2021-03-19 05:16:39 --> Call to a member function move() on null
#0 C:\xampp\htdocs\CodeIgniter\vendor\codeigniter4\framework\system\CodeIgniter.php(936): App\Controllers\EditProfile->update()
#1 C:\xampp\htdocs\CodeIgniter\vendor\codeigniter4\framework\system\CodeIgniter.php(432): CodeIgniter\CodeIgniter->runController(Object(App\Controllers\EditProfile))
#2 C:\xampp\htdocs\CodeIgniter\vendor\codeigniter4\framework\system\CodeIgniter.php(333): CodeIgniter\CodeIgniter->handleRequest(NULL, Object(Config\Cache), false)
#3 C:\xampp\htdocs\CodeIgniter\public\index.php(44): CodeIgniter\CodeIgniter->run()
#4 {main}
CRITICAL - 2021-03-19 05:17:31 --> Call to a member function move() on null
#0 C:\xampp\htdocs\CodeIgniter\vendor\codeigniter4\framework\system\CodeIgniter.php(936): App\Controllers\EditProfile->update()
#1 C:\xampp\htdocs\CodeIgniter\vendor\codeigniter4\framework\system\CodeIgniter.php(432): CodeIgniter\CodeIgniter->runController(Object(App\Controllers\EditProfile))
#2 C:\xampp\htdocs\CodeIgniter\vendor\codeigniter4\framework\system\CodeIgniter.php(333): CodeIgniter\CodeIgniter->handleRequest(NULL, Object(Config\Cache), false)
#3 C:\xampp\htdocs\CodeIgniter\public\index.php(44): CodeIgniter\CodeIgniter->run()
#4 {main}
CRITICAL - 2021-03-19 05:18:08 --> Call to a member function move() on null
#0 C:\xampp\htdocs\CodeIgniter\vendor\codeigniter4\framework\system\CodeIgniter.php(936): App\Controllers\EditProfile->update()
#1 C:\xampp\htdocs\CodeIgniter\vendor\codeigniter4\framework\system\CodeIgniter.php(432): CodeIgniter\CodeIgniter->runController(Object(App\Controllers\EditProfile))
#2 C:\xampp\htdocs\CodeIgniter\vendor\codeigniter4\framework\system\CodeIgniter.php(333): CodeIgniter\CodeIgniter->handleRequest(NULL, Object(Config\Cache), false)
#3 C:\xampp\htdocs\CodeIgniter\public\index.php(44): CodeIgniter\CodeIgniter->run()
#4 {main}
CRITICAL - 2021-03-19 05:18:21 --> Call to a member function move() on null
#0 C:\xampp\htdocs\CodeIgniter\vendor\codeigniter4\framework\system\CodeIgniter.php(936): App\Controllers\EditProfile->update()
#1 C:\xampp\htdocs\CodeIgniter\vendor\codeigniter4\framework\system\CodeIgniter.php(432): CodeIgniter\CodeIgniter->runController(Object(App\Controllers\EditProfile))
#2 C:\xampp\htdocs\CodeIgniter\vendor\codeigniter4\framework\system\CodeIgniter.php(333): CodeIgniter\CodeIgniter->handleRequest(NULL, Object(Config\Cache), false)
#3 C:\xampp\htdocs\CodeIgniter\public\index.php(44): CodeIgniter\CodeIgniter->run()
#4 {main}
CRITICAL - 2021-03-19 05:18:41 --> Call to a member function move() on null
#0 C:\xampp\htdocs\CodeIgniter\vendor\codeigniter4\framework\system\CodeIgniter.php(936): App\Controllers\EditProfile->update()
#1 C:\xampp\htdocs\CodeIgniter\vendor\codeigniter4\framework\system\CodeIgniter.php(432): CodeIgniter\CodeIgniter->runController(Object(App\Controllers\EditProfile))
#2 C:\xampp\htdocs\CodeIgniter\vendor\codeigniter4\framework\system\CodeIgniter.php(333): CodeIgniter\CodeIgniter->handleRequest(NULL, Object(Config\Cache), false)
#3 C:\xampp\htdocs\CodeIgniter\public\index.php(44): CodeIgniter\CodeIgniter->run()
#4 {main}
CRITICAL - 2021-03-19 05:18:51 --> Call to a member function move() on null
#0 C:\xampp\htdocs\CodeIgniter\vendor\codeigniter4\framework\system\CodeIgniter.php(936): App\Controllers\EditProfile->update()
#1 C:\xampp\htdocs\CodeIgniter\vendor\codeigniter4\framework\system\CodeIgniter.php(432): CodeIgniter\CodeIgniter->runController(Object(App\Controllers\EditProfile))
#2 C:\xampp\htdocs\CodeIgniter\vendor\codeigniter4\framework\system\CodeIgniter.php(333): CodeIgniter\CodeIgniter->handleRequest(NULL, Object(Config\Cache), false)
#3 C:\xampp\htdocs\CodeIgniter\public\index.php(44): CodeIgniter\CodeIgniter->run()
#4 {main}
CRITICAL - 2021-03-19 05:19:02 --> Call to a member function move() on null
#0 C:\xampp\htdocs\CodeIgniter\vendor\codeigniter4\framework\system\CodeIgniter.php(936): App\Controllers\EditProfile->update()
#1 C:\xampp\htdocs\CodeIgniter\vendor\codeigniter4\framework\system\CodeIgniter.php(432): CodeIgniter\CodeIgniter->runController(Object(App\Controllers\EditProfile))
#2 C:\xampp\htdocs\CodeIgniter\vendor\codeigniter4\framework\system\CodeIgniter.php(333): CodeIgniter\CodeIgniter->handleRequest(NULL, Object(Config\Cache), false)
#3 C:\xampp\htdocs\CodeIgniter\public\index.php(44): CodeIgniter\CodeIgniter->run()
#4 {main}
