CRITICAL - 2021-03-22 09:14:44 --> finfo_file(C:\xampp\tmp\php3563.tmp): failed to open stream: No such file or directory
#0 [internal function]: CodeIgniter\Debug\Exceptions->errorHandler(2, 'finfo_file(C:\\x...', 'C:\\xampp\\htdocs...', 125, Array)
#1 C:\xampp\htdocs\CodeIgniter\vendor\codeigniter4\framework\system\Files\File.php(125): finfo_file(Resource id #148, 'C:\\xampp\\tmp\\ph...')
#2 C:\xampp\htdocs\CodeIgniter\vendor\codeigniter4\framework\system\HTTP\Files\UploadedFile.php(333): CodeIgniter\Files\File->getMimeType()
#3 C:\xampp\htdocs\CodeIgniter\vendor\codeigniter4\framework\system\HTTP\Files\UploadedFile.php(320): CodeIgniter\HTTP\Files\UploadedFile->guessExtension()
#4 C:\xampp\htdocs\CodeIgniter\vendor\codeigniter4\framework\system\Files\File.php(140): CodeIgniter\HTTP\Files\UploadedFile->getExtension()
#5 C:\xampp\htdocs\CodeIgniter\app\Controllers\EditProfile.php(59): CodeIgniter\Files\File->getRandomName()
#6 C:\xampp\htdocs\CodeIgniter\vendor\codeigniter4\framework\system\CodeIgniter.php(936): App\Controllers\EditProfile->update()
#7 C:\xampp\htdocs\CodeIgniter\vendor\codeigniter4\framework\system\CodeIgniter.php(432): CodeIgniter\CodeIgniter->runController(Object(App\Controllers\EditProfile))
#8 C:\xampp\htdocs\CodeIgniter\vendor\codeigniter4\framework\system\CodeIgniter.php(333): CodeIgniter\CodeIgniter->handleRequest(NULL, Object(Config\Cache), false)
#9 C:\xampp\htdocs\CodeIgniter\public\index.php(44): CodeIgniter\CodeIgniter->run()
#10 {main}
CRITICAL - 2021-03-22 09:37:03 --> Undefined variable: filename
#0 C:\xampp\htdocs\CodeIgniter\app\Views\dashboard.php(37): CodeIgniter\Debug\Exceptions->errorHandler(8, 'Undefined varia...', 'C:\\xampp\\htdocs...', 37, Array)
#1 C:\xampp\htdocs\CodeIgniter\vendor\codeigniter4\framework\system\View\View.php(220): include('C:\\xampp\\htdocs...')
#2 C:\xampp\htdocs\CodeIgniter\vendor\codeigniter4\framework\system\View\View.php(222): CodeIgniter\View\View->CodeIgniter\View\{closure}()
#3 C:\xampp\htdocs\CodeIgniter\vendor\codeigniter4\framework\system\Common.php(1217): CodeIgniter\View\View->render('dashboard', Array, true)
#4 C:\xampp\htdocs\CodeIgniter\app\Controllers\Dashboard.php(27): view('dashboard', Array)
#5 C:\xampp\htdocs\CodeIgniter\vendor\codeigniter4\framework\system\CodeIgniter.php(936): App\Controllers\Dashboard->index()
#6 C:\xampp\htdocs\CodeIgniter\vendor\codeigniter4\framework\system\CodeIgniter.php(432): CodeIgniter\CodeIgniter->runController(Object(App\Controllers\Dashboard))
#7 C:\xampp\htdocs\CodeIgniter\vendor\codeigniter4\framework\system\CodeIgniter.php(333): CodeIgniter\CodeIgniter->handleRequest(NULL, Object(Config\Cache), false)
#8 C:\xampp\htdocs\CodeIgniter\public\index.php(44): CodeIgniter\CodeIgniter->run()
#9 {main}
CRITICAL - 2021-03-22 11:23:14 --> Undefined variable: file_Name
#0 C:\xampp\htdocs\CodeIgniter\app\Views\dashboard.php(37): CodeIgniter\Debug\Exceptions->errorHandler(8, 'Undefined varia...', 'C:\\xampp\\htdocs...', 37, Array)
#1 C:\xampp\htdocs\CodeIgniter\vendor\codeigniter4\framework\system\View\View.php(220): include('C:\\xampp\\htdocs...')
#2 C:\xampp\htdocs\CodeIgniter\vendor\codeigniter4\framework\system\View\View.php(222): CodeIgniter\View\View->CodeIgniter\View\{closure}()
#3 C:\xampp\htdocs\CodeIgniter\vendor\codeigniter4\framework\system\Common.php(1217): CodeIgniter\View\View->render('dashboard', Array, true)
#4 C:\xampp\htdocs\CodeIgniter\app\Controllers\Dashboard.php(27): view('dashboard', Array)
#5 C:\xampp\htdocs\CodeIgniter\vendor\codeigniter4\framework\system\CodeIgniter.php(936): App\Controllers\Dashboard->index()
#6 C:\xampp\htdocs\CodeIgniter\vendor\codeigniter4\framework\system\CodeIgniter.php(432): CodeIgniter\CodeIgniter->runController(Object(App\Controllers\Dashboard))
#7 C:\xampp\htdocs\CodeIgniter\vendor\codeigniter4\framework\system\CodeIgniter.php(333): CodeIgniter\CodeIgniter->handleRequest(NULL, Object(Config\Cache), false)
#8 C:\xampp\htdocs\CodeIgniter\public\index.php(44): CodeIgniter\CodeIgniter->run()
#9 {main}
CRITICAL - 2021-03-22 11:25:55 --> Undefined variable: imageName
#0 C:\xampp\htdocs\CodeIgniter\app\Views\dashboard.php(37): CodeIgniter\Debug\Exceptions->errorHandler(8, 'Undefined varia...', 'C:\\xampp\\htdocs...', 37, Array)
#1 C:\xampp\htdocs\CodeIgniter\vendor\codeigniter4\framework\system\View\View.php(220): include('C:\\xampp\\htdocs...')
#2 C:\xampp\htdocs\CodeIgniter\vendor\codeigniter4\framework\system\View\View.php(222): CodeIgniter\View\View->CodeIgniter\View\{closure}()
#3 C:\xampp\htdocs\CodeIgniter\vendor\codeigniter4\framework\system\Common.php(1217): CodeIgniter\View\View->render('dashboard', Array, true)
#4 C:\xampp\htdocs\CodeIgniter\app\Controllers\Dashboard.php(27): view('dashboard', Array)
#5 C:\xampp\htdocs\CodeIgniter\vendor\codeigniter4\framework\system\CodeIgniter.php(936): App\Controllers\Dashboard->index()
#6 C:\xampp\htdocs\CodeIgniter\vendor\codeigniter4\framework\system\CodeIgniter.php(432): CodeIgniter\CodeIgniter->runController(Object(App\Controllers\Dashboard))
#7 C:\xampp\htdocs\CodeIgniter\vendor\codeigniter4\framework\system\CodeIgniter.php(333): CodeIgniter\CodeIgniter->handleRequest(NULL, Object(Config\Cache), false)
#8 C:\xampp\htdocs\CodeIgniter\public\index.php(44): CodeIgniter\CodeIgniter->run()
#9 {main}
CRITICAL - 2021-03-22 11:50:52 --> The uploaded file has already been moved.
#0 C:\xampp\htdocs\CodeIgniter\vendor\codeigniter4\framework\system\HTTP\Files\UploadedFile.php(138): CodeIgniter\HTTP\Exceptions\HTTPException::forAlreadyMoved()
#1 C:\xampp\htdocs\CodeIgniter\app\Controllers\EditProfile.php(56): CodeIgniter\HTTP\Files\UploadedFile->move('C:\\xampp\\htdocs...', '1616431851_479b...')
#2 C:\xampp\htdocs\CodeIgniter\vendor\codeigniter4\framework\system\CodeIgniter.php(936): App\Controllers\EditProfile->update()
#3 C:\xampp\htdocs\CodeIgniter\vendor\codeigniter4\framework\system\CodeIgniter.php(432): CodeIgniter\CodeIgniter->runController(Object(App\Controllers\EditProfile))
#4 C:\xampp\htdocs\CodeIgniter\vendor\codeigniter4\framework\system\CodeIgniter.php(333): CodeIgniter\CodeIgniter->handleRequest(NULL, Object(Config\Cache), false)
#5 C:\xampp\htdocs\CodeIgniter\public\index.php(44): CodeIgniter\CodeIgniter->run()
#6 {main}
CRITICAL - 2021-03-22 12:34:51 --> Call to undefined function App\Controllers\directory_map()
#0 C:\xampp\htdocs\CodeIgniter\vendor\codeigniter4\framework\system\CodeIgniter.php(936): App\Controllers\Dashboard->index()
#1 C:\xampp\htdocs\CodeIgniter\vendor\codeigniter4\framework\system\CodeIgniter.php(432): CodeIgniter\CodeIgniter->runController(Object(App\Controllers\Dashboard))
#2 C:\xampp\htdocs\CodeIgniter\vendor\codeigniter4\framework\system\CodeIgniter.php(333): CodeIgniter\CodeIgniter->handleRequest(NULL, Object(Config\Cache), false)
#3 C:\xampp\htdocs\CodeIgniter\public\index.php(44): CodeIgniter\CodeIgniter->run()
#4 {main}
CRITICAL - 2021-03-22 12:35:21 --> Undefined variable: map
#0 C:\xampp\htdocs\CodeIgniter\app\Views\dashboard.php(37): CodeIgniter\Debug\Exceptions->errorHandler(8, 'Undefined varia...', 'C:\\xampp\\htdocs...', 37, Array)
#1 C:\xampp\htdocs\CodeIgniter\vendor\codeigniter4\framework\system\View\View.php(220): include('C:\\xampp\\htdocs...')
#2 C:\xampp\htdocs\CodeIgniter\vendor\codeigniter4\framework\system\View\View.php(222): CodeIgniter\View\View->CodeIgniter\View\{closure}()
#3 C:\xampp\htdocs\CodeIgniter\vendor\codeigniter4\framework\system\Common.php(1217): CodeIgniter\View\View->render('dashboard', Array, true)
#4 C:\xampp\htdocs\CodeIgniter\app\Controllers\Dashboard.php(30): view('dashboard', Array, Array)
#5 C:\xampp\htdocs\CodeIgniter\vendor\codeigniter4\framework\system\CodeIgniter.php(936): App\Controllers\Dashboard->index()
#6 C:\xampp\htdocs\CodeIgniter\vendor\codeigniter4\framework\system\CodeIgniter.php(432): CodeIgniter\CodeIgniter->runController(Object(App\Controllers\Dashboard))
#7 C:\xampp\htdocs\CodeIgniter\vendor\codeigniter4\framework\system\CodeIgniter.php(333): CodeIgniter\CodeIgniter->handleRequest(NULL, Object(Config\Cache), false)
#8 C:\xampp\htdocs\CodeIgniter\public\index.php(44): CodeIgniter\CodeIgniter->run()
#9 {main}
CRITICAL - 2021-03-22 12:35:24 --> Undefined variable: map
#0 C:\xampp\htdocs\CodeIgniter\app\Views\dashboard.php(37): CodeIgniter\Debug\Exceptions->errorHandler(8, 'Undefined varia...', 'C:\\xampp\\htdocs...', 37, Array)
#1 C:\xampp\htdocs\CodeIgniter\vendor\codeigniter4\framework\system\View\View.php(220): include('C:\\xampp\\htdocs...')
#2 C:\xampp\htdocs\CodeIgniter\vendor\codeigniter4\framework\system\View\View.php(222): CodeIgniter\View\View->CodeIgniter\View\{closure}()
#3 C:\xampp\htdocs\CodeIgniter\vendor\codeigniter4\framework\system\Common.php(1217): CodeIgniter\View\View->render('dashboard', Array, true)
#4 C:\xampp\htdocs\CodeIgniter\app\Controllers\Dashboard.php(30): view('dashboard', Array, Array)
#5 C:\xampp\htdocs\CodeIgniter\vendor\codeigniter4\framework\system\CodeIgniter.php(936): App\Controllers\Dashboard->index()
#6 C:\xampp\htdocs\CodeIgniter\vendor\codeigniter4\framework\system\CodeIgniter.php(432): CodeIgniter\CodeIgniter->runController(Object(App\Controllers\Dashboard))
#7 C:\xampp\htdocs\CodeIgniter\vendor\codeigniter4\framework\system\CodeIgniter.php(333): CodeIgniter\CodeIgniter->handleRequest(NULL, Object(Config\Cache), false)
#8 C:\xampp\htdocs\CodeIgniter\public\index.php(44): CodeIgniter\CodeIgniter->run()
#9 {main}
CRITICAL - 2021-03-22 12:36:04 --> Undefined variable: map
#0 C:\xampp\htdocs\CodeIgniter\app\Views\dashboard.php(37): CodeIgniter\Debug\Exceptions->errorHandler(8, 'Undefined varia...', 'C:\\xampp\\htdocs...', 37, Array)
#1 C:\xampp\htdocs\CodeIgniter\vendor\codeigniter4\framework\system\View\View.php(220): include('C:\\xampp\\htdocs...')
#2 C:\xampp\htdocs\CodeIgniter\vendor\codeigniter4\framework\system\View\View.php(222): CodeIgniter\View\View->CodeIgniter\View\{closure}()
#3 C:\xampp\htdocs\CodeIgniter\vendor\codeigniter4\framework\system\Common.php(1217): CodeIgniter\View\View->render('dashboard', Array, true)
#4 C:\xampp\htdocs\CodeIgniter\app\Controllers\Dashboard.php(30): view('dashboard', Array, Array)
#5 C:\xampp\htdocs\CodeIgniter\vendor\codeigniter4\framework\system\CodeIgniter.php(936): App\Controllers\Dashboard->index()
#6 C:\xampp\htdocs\CodeIgniter\vendor\codeigniter4\framework\system\CodeIgniter.php(432): CodeIgniter\CodeIgniter->runController(Object(App\Controllers\Dashboard))
#7 C:\xampp\htdocs\CodeIgniter\vendor\codeigniter4\framework\system\CodeIgniter.php(333): CodeIgniter\CodeIgniter->handleRequest(NULL, Object(Config\Cache), false)
#8 C:\xampp\htdocs\CodeIgniter\public\index.php(44): CodeIgniter\CodeIgniter->run()
#9 {main}
CRITICAL - 2021-03-22 12:36:27 --> Undefined variable: map
#0 C:\xampp\htdocs\CodeIgniter\app\Views\dashboard.php(37): CodeIgniter\Debug\Exceptions->errorHandler(8, 'Undefined varia...', 'C:\\xampp\\htdocs...', 37, Array)
#1 C:\xampp\htdocs\CodeIgniter\vendor\codeigniter4\framework\system\View\View.php(220): include('C:\\xampp\\htdocs...')
#2 C:\xampp\htdocs\CodeIgniter\vendor\codeigniter4\framework\system\View\View.php(222): CodeIgniter\View\View->CodeIgniter\View\{closure}()
#3 C:\xampp\htdocs\CodeIgniter\vendor\codeigniter4\framework\system\Common.php(1217): CodeIgniter\View\View->render('dashboard', Array, true)
#4 C:\xampp\htdocs\CodeIgniter\app\Controllers\Dashboard.php(31): view('dashboard', Array, Array)
#5 C:\xampp\htdocs\CodeIgniter\vendor\codeigniter4\framework\system\CodeIgniter.php(936): App\Controllers\Dashboard->index()
#6 C:\xampp\htdocs\CodeIgniter\vendor\codeigniter4\framework\system\CodeIgniter.php(432): CodeIgniter\CodeIgniter->runController(Object(App\Controllers\Dashboard))
#7 C:\xampp\htdocs\CodeIgniter\vendor\codeigniter4\framework\system\CodeIgniter.php(333): CodeIgniter\CodeIgniter->handleRequest(NULL, Object(Config\Cache), false)
#8 C:\xampp\htdocs\CodeIgniter\public\index.php(44): CodeIgniter\CodeIgniter->run()
#9 {main}
CRITICAL - 2021-03-22 12:36:29 --> Undefined variable: map
#0 C:\xampp\htdocs\CodeIgniter\app\Views\dashboard.php(37): CodeIgniter\Debug\Exceptions->errorHandler(8, 'Undefined varia...', 'C:\\xampp\\htdocs...', 37, Array)
#1 C:\xampp\htdocs\CodeIgniter\vendor\codeigniter4\framework\system\View\View.php(220): include('C:\\xampp\\htdocs...')
#2 C:\xampp\htdocs\CodeIgniter\vendor\codeigniter4\framework\system\View\View.php(222): CodeIgniter\View\View->CodeIgniter\View\{closure}()
#3 C:\xampp\htdocs\CodeIgniter\vendor\codeigniter4\framework\system\Common.php(1217): CodeIgniter\View\View->render('dashboard', Array, true)
#4 C:\xampp\htdocs\CodeIgniter\app\Controllers\Dashboard.php(31): view('dashboard', Array, Array)
#5 C:\xampp\htdocs\CodeIgniter\vendor\codeigniter4\framework\system\CodeIgniter.php(936): App\Controllers\Dashboard->index()
#6 C:\xampp\htdocs\CodeIgniter\vendor\codeigniter4\framework\system\CodeIgniter.php(432): CodeIgniter\CodeIgniter->runController(Object(App\Controllers\Dashboard))
#7 C:\xampp\htdocs\CodeIgniter\vendor\codeigniter4\framework\system\CodeIgniter.php(333): CodeIgniter\CodeIgniter->handleRequest(NULL, Object(Config\Cache), false)
#8 C:\xampp\htdocs\CodeIgniter\public\index.php(44): CodeIgniter\CodeIgniter->run()
#9 {main}
CRITICAL - 2021-03-22 12:37:30 --> Array to string conversion
#0 C:\xampp\htdocs\CodeIgniter\app\Views\dashboard.php(37): CodeIgniter\Debug\Exceptions->errorHandler(8, 'Array to string...', 'C:\\xampp\\htdocs...', 37, Array)
#1 C:\xampp\htdocs\CodeIgniter\vendor\codeigniter4\framework\system\View\View.php(220): include('C:\\xampp\\htdocs...')
#2 C:\xampp\htdocs\CodeIgniter\vendor\codeigniter4\framework\system\View\View.php(222): CodeIgniter\View\View->CodeIgniter\View\{closure}()
#3 C:\xampp\htdocs\CodeIgniter\vendor\codeigniter4\framework\system\Common.php(1217): CodeIgniter\View\View->render('dashboard', Array, true)
#4 C:\xampp\htdocs\CodeIgniter\app\Controllers\Dashboard.php(31): view('dashboard', Array)
#5 C:\xampp\htdocs\CodeIgniter\vendor\codeigniter4\framework\system\CodeIgniter.php(936): App\Controllers\Dashboard->index()
#6 C:\xampp\htdocs\CodeIgniter\vendor\codeigniter4\framework\system\CodeIgniter.php(432): CodeIgniter\CodeIgniter->runController(Object(App\Controllers\Dashboard))
#7 C:\xampp\htdocs\CodeIgniter\vendor\codeigniter4\framework\system\CodeIgniter.php(333): CodeIgniter\CodeIgniter->handleRequest(NULL, Object(Config\Cache), false)
#8 C:\xampp\htdocs\CodeIgniter\public\index.php(44): CodeIgniter\CodeIgniter->run()
#9 {main}
CRITICAL - 2021-03-22 12:37:32 --> Array to string conversion
#0 C:\xampp\htdocs\CodeIgniter\app\Views\dashboard.php(37): CodeIgniter\Debug\Exceptions->errorHandler(8, 'Array to string...', 'C:\\xampp\\htdocs...', 37, Array)
#1 C:\xampp\htdocs\CodeIgniter\vendor\codeigniter4\framework\system\View\View.php(220): include('C:\\xampp\\htdocs...')
#2 C:\xampp\htdocs\CodeIgniter\vendor\codeigniter4\framework\system\View\View.php(222): CodeIgniter\View\View->CodeIgniter\View\{closure}()
#3 C:\xampp\htdocs\CodeIgniter\vendor\codeigniter4\framework\system\Common.php(1217): CodeIgniter\View\View->render('dashboard', Array, true)
#4 C:\xampp\htdocs\CodeIgniter\app\Controllers\Dashboard.php(31): view('dashboard', Array)
#5 C:\xampp\htdocs\CodeIgniter\vendor\codeigniter4\framework\system\CodeIgniter.php(936): App\Controllers\Dashboard->index()
#6 C:\xampp\htdocs\CodeIgniter\vendor\codeigniter4\framework\system\CodeIgniter.php(432): CodeIgniter\CodeIgniter->runController(Object(App\Controllers\Dashboard))
#7 C:\xampp\htdocs\CodeIgniter\vendor\codeigniter4\framework\system\CodeIgniter.php(333): CodeIgniter\CodeIgniter->handleRequest(NULL, Object(Config\Cache), false)
#8 C:\xampp\htdocs\CodeIgniter\public\index.php(44): CodeIgniter\CodeIgniter->run()
#9 {main}
